12/21/2020 04:47:36 PM - INFO: Created new Hut.
12/21/2020 04:47:36 PM - INFO: Created model: testmodel.
12/21/2020 04:47:36 PM - INFO: Saving Hut to new config file...
12/21/2020 04:47:36 PM - INFO: Saved configuration to config file: tests\data\test_output\testhut.ini.
12/21/2020 04:47:36 PM - INFO: Created new Hut.
12/21/2020 04:47:36 PM - INFO: Created model: testmodel.
12/21/2020 04:47:36 PM - INFO: Saving Hut to new config file...
12/21/2020 04:47:36 PM - INFO: Saved configuration to config file: tests\data\test_output\testhut.ini.
12/21/2020 04:47:36 PM - INFO: Created new Hut.
12/21/2020 04:47:36 PM - INFO: Created model: testmodel.
12/21/2020 04:47:36 PM - INFO: Saving Hut to new config file...
12/21/2020 04:47:36 PM - INFO: Saved configuration to config file: tests\data\test_output\testhut.ini.
12/21/2020 04:47:36 PM - INFO: Created new Hut.
12/21/2020 04:47:36 PM - INFO: Created model: testmodel.
12/21/2020 04:47:36 PM - INFO: Saving Hut to new config file...
12/21/2020 04:47:36 PM - INFO: Saved configuration to config file: tests\data\test_output\testhut.ini.
12/21/2020 04:47:37 PM - INFO: Created new Hut.
12/21/2020 04:47:37 PM - INFO: Created model: testmodel.
12/21/2020 04:47:37 PM - INFO: Saving Hut to new config file...
12/21/2020 04:47:37 PM - INFO: Saved configuration to config file: tests\data\test_output\testhut.ini.
12/21/2020 04:47:37 PM - INFO: Running extractDirectionFromDfsu...
12/21/2020 04:47:37 PM - INFO: Created new Hut.
12/21/2020 04:47:37 PM - INFO: Created model: testmodel.
12/21/2020 04:47:37 PM - INFO: Saving Hut to new config file...
12/21/2020 04:47:37 PM - INFO: Saved configuration to config file: tests\data\test_output\testhut.ini.
12/21/2020 04:47:37 PM - INFO: Created new Hut.
12/21/2020 04:47:37 PM - INFO: Created model: testmodel.
12/21/2020 04:47:37 PM - INFO: Saving Hut to new config file...
12/21/2020 04:47:37 PM - INFO: Saved configuration to config file: tests\data\test_output\testhut.ini.
12/21/2020 04:47:37 PM - INFO: Created new Hut.
12/21/2020 04:47:37 PM - INFO: Created model: testmodel.
12/21/2020 04:47:37 PM - INFO: Saving Hut to new config file...
12/21/2020 04:47:37 PM - INFO: Saved configuration to config file: tests\data\test_output\testhut.ini.
12/21/2020 04:47:37 PM - INFO: Running createGDB...
12/21/2020 04:47:42 PM - INFO: Geodatabase created at:
tests\data\test_output\testmodel.gdb
12/21/2020 04:47:42 PM - INFO: Created new Hut.
12/21/2020 04:47:42 PM - INFO: Created model: testmodel.
12/21/2020 04:47:42 PM - INFO: Saving Hut to new config file...
12/21/2020 04:47:42 PM - INFO: Saved configuration to config file: tests\data\test_output\testhut.ini.
12/21/2020 04:47:42 PM - INFO: Created new Hut.
12/21/2020 04:47:42 PM - INFO: Created model: testmodel.
12/21/2020 04:47:42 PM - INFO: Saving Hut to new config file...
12/21/2020 04:47:42 PM - INFO: Saved configuration to config file: tests\data\test_output\testhut.ini.
12/21/2020 04:47:42 PM - INFO: Created new Hut.
12/21/2020 04:47:42 PM - INFO: Created model: testmodel.
12/21/2020 04:47:42 PM - INFO: Saving Hut to new config file...
12/21/2020 04:47:42 PM - INFO: Saved configuration to config file: tests\data\test_output\testhut.ini.
12/21/2020 04:47:42 PM - INFO: Created new Hut.
12/21/2020 04:47:42 PM - INFO: Created model: testmodel.
12/21/2020 04:47:42 PM - INFO: Saving Hut to new config file...
12/21/2020 04:47:42 PM - INFO: Saved configuration to config file: tests\data\test_output\testhut.ini.
12/21/2020 04:47:42 PM - INFO: Created new Hut.
12/21/2020 04:47:42 PM - INFO: Created model: testmodel.
12/21/2020 04:47:42 PM - INFO: Saving Hut to new config file...
12/21/2020 04:47:42 PM - INFO: Saved configuration to config file: tests\data\test_output\testhut.ini.
12/21/2020 04:47:42 PM - INFO: Running processASC_2DDepth...
12/21/2020 04:47:45 PM - INFO: Created raster: testmodel_2D_Depth
12/21/2020 04:47:45 PM - INFO: Created new Hut.
12/21/2020 04:47:45 PM - INFO: Created model: testmodel.
12/21/2020 04:47:45 PM - INFO: Saving Hut to new config file...
12/21/2020 04:47:45 PM - INFO: Saved configuration to config file: tests\data\test_output\testhut.ini.
12/21/2020 04:47:45 PM - INFO: Created new Hut.
12/21/2020 04:47:45 PM - INFO: Created model: testmodel.
12/21/2020 04:47:45 PM - INFO: Saving Hut to new config file...
12/21/2020 04:47:45 PM - INFO: Saved configuration to config file: tests\data\test_output\testhut.ini.
12/21/2020 04:47:45 PM - INFO: Created new Hut.
12/21/2020 04:47:45 PM - INFO: Created model: testmodel.
12/21/2020 04:47:45 PM - INFO: Saving Hut to new config file...
12/21/2020 04:47:45 PM - INFO: Saved configuration to config file: tests\data\test_output\testhut.ini.
12/21/2020 04:47:45 PM - INFO: Created new Hut.
12/21/2020 04:47:45 PM - INFO: Created model: testmodel.
12/21/2020 04:47:45 PM - INFO: Saving Hut to new config file...
12/21/2020 04:47:45 PM - INFO: Saved configuration to config file: tests\data\test_output\testhut.ini.
12/21/2020 04:47:45 PM - INFO: Created new Hut.
12/21/2020 04:47:45 PM - INFO: Created model: testmodel.
12/21/2020 04:47:45 PM - INFO: Saving Hut to new config file...
12/21/2020 04:47:45 PM - INFO: Saved configuration to config file: tests\data\test_output\testhut.ini.
12/21/2020 04:47:45 PM - INFO: Running processASC_2DVelocity...
12/21/2020 04:47:47 PM - INFO: Created raster: testmodel_2D_Velocity
12/21/2020 04:47:47 PM - INFO: Created new Hut.
12/21/2020 04:47:47 PM - INFO: Created model: testmodel.
12/21/2020 04:47:47 PM - INFO: Saving Hut to new config file...
12/21/2020 04:47:47 PM - INFO: Saved configuration to config file: tests\data\test_output\testhut.ini.
12/21/2020 04:47:48 PM - INFO: Created new Hut.
12/21/2020 04:47:48 PM - INFO: Created model: testmodel.
12/21/2020 04:47:48 PM - INFO: Saving Hut to new config file...
12/21/2020 04:47:48 PM - INFO: Saved configuration to config file: tests\data\test_output\testhut.ini.
12/21/2020 04:47:48 PM - INFO: Created new Hut.
12/21/2020 04:47:48 PM - INFO: Created model: testmodel.
12/21/2020 04:47:48 PM - INFO: Saving Hut to new config file...
12/21/2020 04:47:48 PM - INFO: Saved configuration to config file: tests\data\test_output\testhut.ini.
12/21/2020 04:47:48 PM - INFO: Created new Hut.
12/21/2020 04:47:48 PM - INFO: Created model: testmodel.
12/21/2020 04:47:48 PM - INFO: Saving Hut to new config file...
12/21/2020 04:47:48 PM - INFO: Saved configuration to config file: tests\data\test_output\testhut.ini.
12/21/2020 04:47:48 PM - INFO: Created new Hut.
12/21/2020 04:47:48 PM - INFO: Created model: testmodel.
12/21/2020 04:47:48 PM - INFO: Saving Hut to new config file...
12/21/2020 04:47:48 PM - INFO: Saved configuration to config file: tests\data\test_output\testhut.ini.
12/21/2020 04:47:48 PM - INFO: Running processASC_2DDirection...
12/21/2020 04:47:50 PM - INFO: Created raster: testmodel_2D_Direction
12/21/2020 04:47:50 PM - INFO: Created new Hut.
12/21/2020 04:47:50 PM - INFO: Created model: testmodel.
12/21/2020 04:47:50 PM - INFO: Saving Hut to new config file...
12/21/2020 04:47:50 PM - INFO: Saved configuration to config file: tests\data\test_output\testhut.ini.
12/21/2020 04:47:50 PM - INFO: Created new Hut.
12/21/2020 04:47:50 PM - INFO: Created model: testmodel.
12/21/2020 04:47:50 PM - INFO: Saving Hut to new config file...
12/21/2020 04:47:50 PM - INFO: Saved configuration to config file: tests\data\test_output\testhut.ini.
12/21/2020 04:47:50 PM - INFO: Created new Hut.
12/21/2020 04:47:50 PM - INFO: Created model: testmodel.
12/21/2020 04:47:50 PM - INFO: Saving Hut to new config file...
12/21/2020 04:47:50 PM - INFO: Saved configuration to config file: tests\data\test_output\testhut.ini.
12/21/2020 04:47:50 PM - INFO: Created new Hut.
12/21/2020 04:47:50 PM - INFO: Created model: testmodel.
12/21/2020 04:47:50 PM - INFO: Saving Hut to new config file...
12/21/2020 04:47:50 PM - INFO: Saved configuration to config file: tests\data\test_output\testhut.ini.
12/21/2020 04:47:50 PM - INFO: Created new Hut.
12/21/2020 04:47:50 PM - INFO: Created model: testmodel.
12/21/2020 04:47:50 PM - INFO: Saving Hut to new config file...
12/21/2020 04:47:50 PM - INFO: Saved configuration to config file: tests\data\test_output\testhut.ini.
12/21/2020 04:47:50 PM - INFO: Running processASC_RiverDepth...
12/21/2020 04:47:52 PM - INFO: Created raster: testmodel_River_Depth
12/21/2020 04:47:52 PM - INFO: Created new Hut.
12/21/2020 04:47:52 PM - INFO: Created model: testmodel.
12/21/2020 04:47:52 PM - INFO: Saving Hut to new config file...
12/21/2020 04:47:52 PM - INFO: Saved configuration to config file: tests\data\test_output\testhut.ini.
12/21/2020 04:47:52 PM - INFO: Created new Hut.
12/21/2020 04:47:52 PM - INFO: Created model: testmodel.
12/21/2020 04:47:52 PM - INFO: Saving Hut to new config file...
12/21/2020 04:47:52 PM - INFO: Saved configuration to config file: tests\data\test_output\testhut.ini.
12/21/2020 04:47:52 PM - INFO: Created new Hut.
12/21/2020 04:47:52 PM - INFO: Created model: testmodel.
12/21/2020 04:47:52 PM - INFO: Saving Hut to new config file...
12/21/2020 04:47:52 PM - INFO: Saved configuration to config file: tests\data\test_output\testhut.ini.
12/21/2020 04:47:52 PM - INFO: Created new Hut.
12/21/2020 04:47:52 PM - INFO: Created model: testmodel.
12/21/2020 04:47:52 PM - INFO: Saving Hut to new config file...
12/21/2020 04:47:52 PM - INFO: Saved configuration to config file: tests\data\test_output\testhut.ini.
12/21/2020 04:47:52 PM - INFO: Created new Hut.
12/21/2020 04:47:52 PM - INFO: Created model: testmodel.
12/21/2020 04:47:52 PM - INFO: Saving Hut to new config file...
12/21/2020 04:47:52 PM - INFO: Saved configuration to config file: tests\data\test_output\testhut.ini.
12/21/2020 04:47:52 PM - INFO: Created new Hut.
12/21/2020 04:47:52 PM - INFO: Created model: testmodel.
12/21/2020 04:47:52 PM - INFO: Saving Hut to new config file...
12/21/2020 04:47:52 PM - INFO: Saved configuration to config file: tests\data\test_output\testhut.ini.
12/21/2020 04:47:52 PM - INFO: Running processClipResults...
12/21/2020 04:47:53 PM - INFO: Clipping raster testmodel_2D_Depth...
12/21/2020 04:47:56 PM - INFO: Clipping raster testmodel_2D_Velocity...
12/21/2020 04:47:58 PM - INFO: Clipping raster testmodel_2D_Direction...
12/21/2020 04:48:01 PM - INFO: Clipping raster testmodel_River_Depth...
12/21/2020 04:48:04 PM - INFO: Created new Hut.
12/21/2020 04:48:04 PM - INFO: Created model: testmodel.
12/21/2020 04:48:04 PM - INFO: Saving Hut to new config file...
12/21/2020 04:48:04 PM - INFO: Saved configuration to config file: tests\data\test_output\testhut.ini.
12/21/2020 04:48:04 PM - INFO: Created new Hut.
12/21/2020 04:48:04 PM - INFO: Created model: testmodel.
12/21/2020 04:48:04 PM - INFO: Saving Hut to new config file...
12/21/2020 04:48:04 PM - INFO: Saved configuration to config file: tests\data\test_output\testhut.ini.
12/21/2020 04:48:04 PM - INFO: Created new Hut.
12/21/2020 04:48:04 PM - INFO: Created model: testmodel.
12/21/2020 04:48:04 PM - INFO: Saving Hut to new config file...
12/21/2020 04:48:04 PM - INFO: Saved configuration to config file: tests\data\test_output\testhut.ini.
12/21/2020 04:48:04 PM - INFO: Created new Hut.
12/21/2020 04:48:04 PM - INFO: Created model: testmodel.
12/21/2020 04:48:04 PM - INFO: Saving Hut to new config file...
12/21/2020 04:48:04 PM - INFO: Saved configuration to config file: tests\data\test_output\testhut.ini.
12/21/2020 04:48:04 PM - INFO: Running processCRS...
12/21/2020 04:48:18 PM - INFO: Created new Hut.
12/21/2020 04:48:18 PM - INFO: Created model: testmodel.
12/21/2020 04:48:18 PM - INFO: Saving Hut to new config file...
12/21/2020 04:48:18 PM - INFO: Saved configuration to config file: tests\data\test_output\testhut.ini.
12/21/2020 04:48:18 PM - INFO: Created new Hut.
12/21/2020 04:48:18 PM - INFO: Created model: testmodel.
12/21/2020 04:48:18 PM - INFO: Saving Hut to new config file...
12/21/2020 04:48:18 PM - INFO: Saved configuration to config file: tests\data\test_output\testhut.ini.
12/21/2020 04:48:18 PM - INFO: Created new Hut.
12/21/2020 04:48:18 PM - INFO: Created model: testmodel.
12/21/2020 04:48:18 PM - INFO: Saving Hut to new config file...
12/21/2020 04:48:18 PM - INFO: Saved configuration to config file: tests\data\test_output\testhut.ini.
12/21/2020 04:48:18 PM - INFO: Created new Hut.
12/21/2020 04:48:18 PM - INFO: Created model: testmodel.
12/21/2020 04:48:18 PM - INFO: Saving Hut to new config file...
12/21/2020 04:48:18 PM - INFO: Saved configuration to config file: tests\data\test_output\testhut.ini.
12/21/2020 04:48:18 PM - INFO: Created new Hut.
12/21/2020 04:48:18 PM - INFO: Created model: testmodel.
12/21/2020 04:48:18 PM - INFO: Saving Hut to new config file...
12/21/2020 04:48:18 PM - INFO: Saved configuration to config file: tests\data\test_output\testhut.ini.
12/21/2020 04:48:18 PM - INFO: Created new Hut.
12/21/2020 04:48:18 PM - INFO: Created model: testmodel.
12/21/2020 04:48:18 PM - INFO: Saving Hut to new config file...
12/21/2020 04:48:18 PM - INFO: Saved configuration to config file: tests\data\test_output\testhut.ini.
12/21/2020 04:48:18 PM - INFO: Running processMergeRiver2DDepth...
12/21/2020 04:48:18 PM - INFO: Merging rasters testmodel_2D_Depth and testmodel_River_Depth...
12/21/2020 04:48:22 PM - INFO: Created new Hut.
12/21/2020 04:48:22 PM - INFO: Loading config file into Hut...
12/21/2020 04:48:22 PM - INFO: Reading config file...
12/21/2020 04:48:22 PM - INFO: Applying general settings to Hut...
12/21/2020 04:48:22 PM - INFO: Adding models to Hut...
12/21/2020 04:48:22 PM - INFO: Created model: newModel1.
12/21/2020 04:48:22 PM - INFO: Added newModel1 to Hut.
12/21/2020 04:48:22 PM - INFO: Created model: newModel2.
12/21/2020 04:48:22 PM - INFO: Added newModel2 to Hut.
12/21/2020 04:48:22 PM - INFO: Importing parameters into Hut models...
12/21/2020 04:48:22 PM - INFO: Skipped unknown parameter in config file: includeInProcessing.
12/21/2020 04:48:22 PM - INFO: Skipped unknown parameter in config file: model_alias.
12/21/2020 04:48:22 PM - INFO: Skipped unknown parameter in config file: storm_alias.
12/21/2020 04:48:22 PM - ERROR: Could not find attribute type MODEL_GDB_PATH in model newModel1.
12/21/2020 04:48:22 PM - ERROR: Arguments for operation processASC_2DDepth in model newModel1 missing.
12/21/2020 04:48:22 PM - INFO: Skipped unknown parameter in config file: processASC_2DVelocity.
12/21/2020 04:48:22 PM - ERROR: Could not find attribute type MODEL_GDB_PATH in model newModel1.
12/21/2020 04:48:22 PM - ERROR: Arguments for operation processASC_2DDirection in model newModel1 missing.
12/21/2020 04:48:22 PM - INFO: Skipped unknown parameter in config file: processASC_RiverDepth.
12/21/2020 04:48:22 PM - INFO: Skipped unknown parameter in config file: processFullDepth.
12/21/2020 04:48:22 PM - ERROR: Could not find attribute type MODEL_GDB_PATH in model newModel1.
12/21/2020 04:48:22 PM - ERROR: Could not find attribute type CLIP_FIELD in model newModel1.
12/21/2020 04:48:22 PM - ERROR: Could not find attribute type CLIP_VALUE in model newModel1.
12/21/2020 04:48:22 PM - ERROR: Arguments for operation processClipResults in model newModel1 missing.
12/21/2020 04:48:22 PM - INFO: Skipped unknown parameter in config file: processClean.
12/21/2020 04:48:22 PM - INFO: Skipped unknown parameter in config file: includeInProcessing.
12/21/2020 04:48:22 PM - INFO: Skipped unknown parameter in config file: model_alias.
12/21/2020 04:48:22 PM - INFO: Skipped unknown parameter in config file: storm_alias.
12/21/2020 04:48:22 PM - INFO: Skipped unknown parameter in config file: process2DDepth.
12/21/2020 04:48:22 PM - INFO: Skipped unknown parameter in config file: process2DVelocity.
12/21/2020 04:48:22 PM - INFO: Skipped unknown parameter in config file: process2DDirection.
12/21/2020 04:48:22 PM - INFO: Skipped unknown parameter in config file: processRiverDepth.
12/21/2020 04:48:22 PM - INFO: Skipped unknown parameter in config file: processFullDepth.
12/21/2020 04:48:22 PM - INFO: Skipped unknown parameter in config file: processClipDepth.
12/21/2020 04:48:22 PM - INFO: Skipped unknown parameter in config file: processClipVelocity.
12/21/2020 04:48:22 PM - INFO: Skipped unknown parameter in config file: processClean.
12/21/2020 04:48:22 PM - INFO: Config file loaded.
12/21/2020 04:48:22 PM - INFO: Created new Hut.
12/21/2020 04:48:22 PM - INFO: Loading config file into Hut...
12/21/2020 04:48:22 PM - INFO: Reading config file...
12/21/2020 04:48:22 PM - INFO: Applying general settings to Hut...
12/21/2020 04:48:22 PM - INFO: Adding models to Hut...
12/21/2020 04:48:22 PM - INFO: Created model: newModel1.
12/21/2020 04:48:22 PM - INFO: Added newModel1 to Hut.
12/21/2020 04:48:22 PM - INFO: Created model: newModel2.
12/21/2020 04:48:22 PM - INFO: Added newModel2 to Hut.
12/21/2020 04:48:22 PM - INFO: Importing parameters into Hut models...
12/21/2020 04:48:22 PM - INFO: Skipped unknown parameter in config file: includeInProcessing.
12/21/2020 04:48:22 PM - INFO: Skipped unknown parameter in config file: model_alias.
12/21/2020 04:48:22 PM - INFO: Skipped unknown parameter in config file: storm_alias.
12/21/2020 04:48:22 PM - ERROR: Could not find attribute type MODEL_GDB_PATH in model newModel1.
12/21/2020 04:48:22 PM - ERROR: Arguments for operation processASC_2DDepth in model newModel1 missing.
12/21/2020 04:48:22 PM - INFO: Skipped unknown parameter in config file: processASC_2DVelocity.
12/21/2020 04:48:22 PM - ERROR: Could not find attribute type MODEL_GDB_PATH in model newModel1.
12/21/2020 04:48:22 PM - ERROR: Arguments for operation processASC_2DDirection in model newModel1 missing.
12/21/2020 04:48:22 PM - INFO: Skipped unknown parameter in config file: processASC_RiverDepth.
12/21/2020 04:48:22 PM - INFO: Skipped unknown parameter in config file: processFullDepth.
12/21/2020 04:48:22 PM - ERROR: Could not find attribute type MODEL_GDB_PATH in model newModel1.
12/21/2020 04:48:22 PM - ERROR: Could not find attribute type CLIP_FIELD in model newModel1.
12/21/2020 04:48:22 PM - ERROR: Could not find attribute type CLIP_VALUE in model newModel1.
12/21/2020 04:48:22 PM - ERROR: Arguments for operation processClipResults in model newModel1 missing.
12/21/2020 04:48:22 PM - INFO: Skipped unknown parameter in config file: processClean.
12/21/2020 04:48:22 PM - INFO: Skipped unknown parameter in config file: includeInProcessing.
12/21/2020 04:48:22 PM - INFO: Skipped unknown parameter in config file: model_alias.
12/21/2020 04:48:22 PM - INFO: Skipped unknown parameter in config file: storm_alias.
12/21/2020 04:48:22 PM - INFO: Skipped unknown parameter in config file: process2DDepth.
12/21/2020 04:48:22 PM - INFO: Skipped unknown parameter in config file: process2DVelocity.
12/21/2020 04:48:22 PM - INFO: Skipped unknown parameter in config file: process2DDirection.
12/21/2020 04:48:22 PM - INFO: Skipped unknown parameter in config file: processRiverDepth.
12/21/2020 04:48:22 PM - INFO: Skipped unknown parameter in config file: processFullDepth.
12/21/2020 04:48:22 PM - INFO: Skipped unknown parameter in config file: processClipDepth.
12/21/2020 04:48:22 PM - INFO: Skipped unknown parameter in config file: processClipVelocity.
12/21/2020 04:48:22 PM - INFO: Skipped unknown parameter in config file: processClean.
12/21/2020 04:48:22 PM - INFO: Config file loaded.
12/21/2020 04:48:22 PM - INFO: Created new Hut.
12/21/2020 04:48:22 PM - INFO: Loading config file into Hut...
12/21/2020 04:48:22 PM - INFO: Reading config file...
12/21/2020 04:48:22 PM - INFO: Applying general settings to Hut...
12/21/2020 04:48:22 PM - INFO: Adding models to Hut...
12/21/2020 04:48:22 PM - INFO: Created model: newModel1.
12/21/2020 04:48:22 PM - INFO: Added newModel1 to Hut.
12/21/2020 04:48:22 PM - INFO: Created model: newModel2.
12/21/2020 04:48:22 PM - INFO: Added newModel2 to Hut.
12/21/2020 04:48:22 PM - INFO: Importing parameters into Hut models...
12/21/2020 04:48:22 PM - INFO: Skipped unknown parameter in config file: includeInProcessing.
12/21/2020 04:48:22 PM - INFO: Skipped unknown parameter in config file: model_alias.
12/21/2020 04:48:22 PM - INFO: Skipped unknown parameter in config file: storm_alias.
12/21/2020 04:48:22 PM - ERROR: Could not find attribute type MODEL_GDB_PATH in model newModel1.
12/21/2020 04:48:22 PM - ERROR: Arguments for operation processASC_2DDepth in model newModel1 missing.
12/21/2020 04:48:22 PM - INFO: Skipped unknown parameter in config file: processASC_2DVelocity.
12/21/2020 04:48:22 PM - ERROR: Could not find attribute type MODEL_GDB_PATH in model newModel1.
12/21/2020 04:48:22 PM - ERROR: Arguments for operation processASC_2DDirection in model newModel1 missing.
12/21/2020 04:48:22 PM - INFO: Skipped unknown parameter in config file: processASC_RiverDepth.
12/21/2020 04:48:22 PM - INFO: Skipped unknown parameter in config file: processFullDepth.
12/21/2020 04:48:22 PM - ERROR: Could not find attribute type MODEL_GDB_PATH in model newModel1.
12/21/2020 04:48:22 PM - ERROR: Could not find attribute type CLIP_FIELD in model newModel1.
12/21/2020 04:48:22 PM - ERROR: Could not find attribute type CLIP_VALUE in model newModel1.
12/21/2020 04:48:22 PM - ERROR: Arguments for operation processClipResults in model newModel1 missing.
12/21/2020 04:48:22 PM - INFO: Skipped unknown parameter in config file: processClean.
12/21/2020 04:48:22 PM - INFO: Skipped unknown parameter in config file: includeInProcessing.
12/21/2020 04:48:22 PM - INFO: Skipped unknown parameter in config file: model_alias.
12/21/2020 04:48:22 PM - INFO: Skipped unknown parameter in config file: storm_alias.
12/21/2020 04:48:22 PM - INFO: Skipped unknown parameter in config file: process2DDepth.
12/21/2020 04:48:22 PM - INFO: Skipped unknown parameter in config file: process2DVelocity.
12/21/2020 04:48:22 PM - INFO: Skipped unknown parameter in config file: process2DDirection.
12/21/2020 04:48:22 PM - INFO: Skipped unknown parameter in config file: processRiverDepth.
12/21/2020 04:48:22 PM - INFO: Skipped unknown parameter in config file: processFullDepth.
12/21/2020 04:48:22 PM - INFO: Skipped unknown parameter in config file: processClipDepth.
12/21/2020 04:48:22 PM - INFO: Skipped unknown parameter in config file: processClipVelocity.
12/21/2020 04:48:22 PM - INFO: Skipped unknown parameter in config file: processClean.
12/21/2020 04:48:22 PM - INFO: Config file loaded.
12/21/2020 04:48:22 PM - INFO: Created new Hut.
12/21/2020 04:48:22 PM - INFO: Loading config file into Hut...
12/21/2020 04:48:22 PM - INFO: Reading config file...
12/21/2020 04:48:22 PM - INFO: Applying general settings to Hut...
12/21/2020 04:48:22 PM - INFO: Adding models to Hut...
12/21/2020 04:48:22 PM - INFO: Created model: newModel1.
12/21/2020 04:48:22 PM - INFO: Added newModel1 to Hut.
12/21/2020 04:48:22 PM - INFO: Created model: newModel2.
12/21/2020 04:48:22 PM - INFO: Added newModel2 to Hut.
12/21/2020 04:48:22 PM - INFO: Importing parameters into Hut models...
12/21/2020 04:48:22 PM - INFO: Skipped unknown parameter in config file: includeInProcessing.
12/21/2020 04:48:22 PM - INFO: Skipped unknown parameter in config file: model_alias.
12/21/2020 04:48:22 PM - INFO: Skipped unknown parameter in config file: storm_alias.
12/21/2020 04:48:22 PM - ERROR: Could not find attribute type MODEL_GDB_PATH in model newModel1.
12/21/2020 04:48:22 PM - ERROR: Arguments for operation processASC_2DDepth in model newModel1 missing.
12/21/2020 04:48:22 PM - INFO: Skipped unknown parameter in config file: processASC_2DVelocity.
12/21/2020 04:48:22 PM - ERROR: Could not find attribute type MODEL_GDB_PATH in model newModel1.
12/21/2020 04:48:22 PM - ERROR: Arguments for operation processASC_2DDirection in model newModel1 missing.
12/21/2020 04:48:22 PM - INFO: Skipped unknown parameter in config file: processASC_RiverDepth.
12/21/2020 04:48:22 PM - INFO: Skipped unknown parameter in config file: processFullDepth.
12/21/2020 04:48:22 PM - ERROR: Could not find attribute type MODEL_GDB_PATH in model newModel1.
12/21/2020 04:48:22 PM - ERROR: Could not find attribute type CLIP_FIELD in model newModel1.
12/21/2020 04:48:22 PM - ERROR: Could not find attribute type CLIP_VALUE in model newModel1.
12/21/2020 04:48:22 PM - ERROR: Arguments for operation processClipResults in model newModel1 missing.
12/21/2020 04:48:22 PM - INFO: Skipped unknown parameter in config file: processClean.
12/21/2020 04:48:22 PM - INFO: Skipped unknown parameter in config file: includeInProcessing.
12/21/2020 04:48:22 PM - INFO: Skipped unknown parameter in config file: model_alias.
12/21/2020 04:48:22 PM - INFO: Skipped unknown parameter in config file: storm_alias.
12/21/2020 04:48:22 PM - INFO: Skipped unknown parameter in config file: process2DDepth.
12/21/2020 04:48:22 PM - INFO: Skipped unknown parameter in config file: process2DVelocity.
12/21/2020 04:48:22 PM - INFO: Skipped unknown parameter in config file: process2DDirection.
12/21/2020 04:48:22 PM - INFO: Skipped unknown parameter in config file: processRiverDepth.
12/21/2020 04:48:22 PM - INFO: Skipped unknown parameter in config file: processFullDepth.
12/21/2020 04:48:22 PM - INFO: Skipped unknown parameter in config file: processClipDepth.
12/21/2020 04:48:22 PM - INFO: Skipped unknown parameter in config file: processClipVelocity.
12/21/2020 04:48:22 PM - INFO: Skipped unknown parameter in config file: processClean.
12/21/2020 04:48:22 PM - INFO: Config file loaded.
12/21/2020 04:48:22 PM - INFO: Created new Hut.
12/21/2020 04:48:22 PM - INFO: Loading config file into Hut...
12/21/2020 04:48:22 PM - INFO: Reading config file...
12/21/2020 04:48:22 PM - INFO: Applying general settings to Hut...
12/21/2020 04:48:22 PM - INFO: Adding models to Hut...
12/21/2020 04:48:22 PM - INFO: Created model: newModel1.
12/21/2020 04:48:22 PM - INFO: Added newModel1 to Hut.
12/21/2020 04:48:22 PM - INFO: Created model: newModel2.
12/21/2020 04:48:22 PM - INFO: Added newModel2 to Hut.
12/21/2020 04:48:22 PM - INFO: Importing parameters into Hut models...
12/21/2020 04:48:22 PM - INFO: Skipped unknown parameter in config file: includeInProcessing.
12/21/2020 04:48:22 PM - INFO: Skipped unknown parameter in config file: model_alias.
12/21/2020 04:48:22 PM - INFO: Skipped unknown parameter in config file: storm_alias.
12/21/2020 04:48:22 PM - ERROR: Could not find attribute type MODEL_GDB_PATH in model newModel1.
12/21/2020 04:48:22 PM - ERROR: Arguments for operation processASC_2DDepth in model newModel1 missing.
12/21/2020 04:48:22 PM - INFO: Skipped unknown parameter in config file: processASC_2DVelocity.
12/21/2020 04:48:22 PM - ERROR: Could not find attribute type MODEL_GDB_PATH in model newModel1.
12/21/2020 04:48:22 PM - ERROR: Arguments for operation processASC_2DDirection in model newModel1 missing.
12/21/2020 04:48:22 PM - INFO: Skipped unknown parameter in config file: processASC_RiverDepth.
12/21/2020 04:48:22 PM - INFO: Skipped unknown parameter in config file: processFullDepth.
12/21/2020 04:48:22 PM - ERROR: Could not find attribute type MODEL_GDB_PATH in model newModel1.
12/21/2020 04:48:22 PM - ERROR: Could not find attribute type CLIP_FIELD in model newModel1.
12/21/2020 04:48:22 PM - ERROR: Could not find attribute type CLIP_VALUE in model newModel1.
12/21/2020 04:48:22 PM - ERROR: Arguments for operation processClipResults in model newModel1 missing.
12/21/2020 04:48:22 PM - INFO: Skipped unknown parameter in config file: processClean.
12/21/2020 04:48:22 PM - INFO: Skipped unknown parameter in config file: includeInProcessing.
12/21/2020 04:48:22 PM - INFO: Skipped unknown parameter in config file: model_alias.
12/21/2020 04:48:22 PM - INFO: Skipped unknown parameter in config file: storm_alias.
12/21/2020 04:48:22 PM - INFO: Skipped unknown parameter in config file: process2DDepth.
12/21/2020 04:48:22 PM - INFO: Skipped unknown parameter in config file: process2DVelocity.
12/21/2020 04:48:22 PM - INFO: Skipped unknown parameter in config file: process2DDirection.
12/21/2020 04:48:22 PM - INFO: Skipped unknown parameter in config file: processRiverDepth.
12/21/2020 04:48:22 PM - INFO: Skipped unknown parameter in config file: processFullDepth.
12/21/2020 04:48:22 PM - INFO: Skipped unknown parameter in config file: processClipDepth.
12/21/2020 04:48:22 PM - INFO: Skipped unknown parameter in config file: processClipVelocity.
12/21/2020 04:48:22 PM - INFO: Skipped unknown parameter in config file: processClean.
12/21/2020 04:48:22 PM - INFO: Config file loaded.
12/21/2020 04:48:22 PM - INFO: Created new Hut.
12/21/2020 04:48:22 PM - INFO: Loading config file into Hut...
12/21/2020 04:48:22 PM - INFO: Reading config file...
12/21/2020 04:48:22 PM - INFO: Applying general settings to Hut...
12/21/2020 04:48:22 PM - INFO: Adding models to Hut...
12/21/2020 04:48:22 PM - INFO: Created model: newModel1.
12/21/2020 04:48:22 PM - INFO: Added newModel1 to Hut.
12/21/2020 04:48:22 PM - INFO: Created model: newModel2.
12/21/2020 04:48:22 PM - INFO: Added newModel2 to Hut.
12/21/2020 04:48:22 PM - INFO: Importing parameters into Hut models...
12/21/2020 04:48:22 PM - INFO: Skipped unknown parameter in config file: includeInProcessing.
12/21/2020 04:48:22 PM - INFO: Skipped unknown parameter in config file: model_alias.
12/21/2020 04:48:22 PM - INFO: Skipped unknown parameter in config file: storm_alias.
12/21/2020 04:48:22 PM - ERROR: Could not find attribute type MODEL_GDB_PATH in model newModel1.
12/21/2020 04:48:22 PM - ERROR: Arguments for operation processASC_2DDepth in model newModel1 missing.
12/21/2020 04:48:22 PM - INFO: Skipped unknown parameter in config file: processASC_2DVelocity.
12/21/2020 04:48:22 PM - ERROR: Could not find attribute type MODEL_GDB_PATH in model newModel1.
12/21/2020 04:48:22 PM - ERROR: Arguments for operation processASC_2DDirection in model newModel1 missing.
12/21/2020 04:48:22 PM - INFO: Skipped unknown parameter in config file: processASC_RiverDepth.
12/21/2020 04:48:22 PM - INFO: Skipped unknown parameter in config file: processFullDepth.
12/21/2020 04:48:22 PM - ERROR: Could not find attribute type MODEL_GDB_PATH in model newModel1.
12/21/2020 04:48:22 PM - ERROR: Could not find attribute type CLIP_FIELD in model newModel1.
12/21/2020 04:48:22 PM - ERROR: Could not find attribute type CLIP_VALUE in model newModel1.
12/21/2020 04:48:22 PM - ERROR: Arguments for operation processClipResults in model newModel1 missing.
12/21/2020 04:48:22 PM - INFO: Skipped unknown parameter in config file: processClean.
12/21/2020 04:48:22 PM - INFO: Skipped unknown parameter in config file: includeInProcessing.
12/21/2020 04:48:22 PM - INFO: Skipped unknown parameter in config file: model_alias.
12/21/2020 04:48:22 PM - INFO: Skipped unknown parameter in config file: storm_alias.
12/21/2020 04:48:22 PM - INFO: Skipped unknown parameter in config file: process2DDepth.
12/21/2020 04:48:22 PM - INFO: Skipped unknown parameter in config file: process2DVelocity.
12/21/2020 04:48:22 PM - INFO: Skipped unknown parameter in config file: process2DDirection.
12/21/2020 04:48:22 PM - INFO: Skipped unknown parameter in config file: processRiverDepth.
12/21/2020 04:48:22 PM - INFO: Skipped unknown parameter in config file: processFullDepth.
12/21/2020 04:48:22 PM - INFO: Skipped unknown parameter in config file: processClipDepth.
12/21/2020 04:48:22 PM - INFO: Skipped unknown parameter in config file: processClipVelocity.
12/21/2020 04:48:22 PM - INFO: Skipped unknown parameter in config file: processClean.
12/21/2020 04:48:22 PM - INFO: Config file loaded.
12/21/2020 04:48:22 PM - INFO: Created new Hut.
12/21/2020 04:48:22 PM - INFO: Loading config file into Hut...
12/21/2020 04:48:22 PM - INFO: Reading config file...
12/21/2020 04:48:22 PM - INFO: Applying general settings to Hut...
12/21/2020 04:48:22 PM - INFO: Adding models to Hut...
12/21/2020 04:48:22 PM - INFO: Created model: newModel1.
12/21/2020 04:48:22 PM - INFO: Added newModel1 to Hut.
12/21/2020 04:48:22 PM - INFO: Created model: newModel2.
12/21/2020 04:48:22 PM - INFO: Added newModel2 to Hut.
12/21/2020 04:48:22 PM - INFO: Importing parameters into Hut models...
12/21/2020 04:48:22 PM - INFO: Skipped unknown parameter in config file: includeInProcessing.
12/21/2020 04:48:22 PM - INFO: Skipped unknown parameter in config file: model_alias.
12/21/2020 04:48:22 PM - INFO: Skipped unknown parameter in config file: storm_alias.
12/21/2020 04:48:22 PM - ERROR: Could not find attribute type MODEL_GDB_PATH in model newModel1.
12/21/2020 04:48:22 PM - ERROR: Arguments for operation processASC_2DDepth in model newModel1 missing.
12/21/2020 04:48:22 PM - INFO: Skipped unknown parameter in config file: processASC_2DVelocity.
12/21/2020 04:48:22 PM - ERROR: Could not find attribute type MODEL_GDB_PATH in model newModel1.
12/21/2020 04:48:22 PM - ERROR: Arguments for operation processASC_2DDirection in model newModel1 missing.
12/21/2020 04:48:22 PM - INFO: Skipped unknown parameter in config file: processASC_RiverDepth.
12/21/2020 04:48:22 PM - INFO: Skipped unknown parameter in config file: processFullDepth.
12/21/2020 04:48:22 PM - ERROR: Could not find attribute type MODEL_GDB_PATH in model newModel1.
12/21/2020 04:48:22 PM - ERROR: Could not find attribute type CLIP_FIELD in model newModel1.
12/21/2020 04:48:22 PM - ERROR: Could not find attribute type CLIP_VALUE in model newModel1.
12/21/2020 04:48:22 PM - ERROR: Arguments for operation processClipResults in model newModel1 missing.
12/21/2020 04:48:22 PM - INFO: Skipped unknown parameter in config file: processClean.
12/21/2020 04:48:22 PM - INFO: Skipped unknown parameter in config file: includeInProcessing.
12/21/2020 04:48:22 PM - INFO: Skipped unknown parameter in config file: model_alias.
12/21/2020 04:48:22 PM - INFO: Skipped unknown parameter in config file: storm_alias.
12/21/2020 04:48:22 PM - INFO: Skipped unknown parameter in config file: process2DDepth.
12/21/2020 04:48:22 PM - INFO: Skipped unknown parameter in config file: process2DVelocity.
12/21/2020 04:48:22 PM - INFO: Skipped unknown parameter in config file: process2DDirection.
12/21/2020 04:48:22 PM - INFO: Skipped unknown parameter in config file: processRiverDepth.
12/21/2020 04:48:22 PM - INFO: Skipped unknown parameter in config file: processFullDepth.
12/21/2020 04:48:22 PM - INFO: Skipped unknown parameter in config file: processClipDepth.
12/21/2020 04:48:22 PM - INFO: Skipped unknown parameter in config file: processClipVelocity.
12/21/2020 04:48:22 PM - INFO: Skipped unknown parameter in config file: processClean.
12/21/2020 04:48:22 PM - INFO: Config file loaded.
12/21/2020 04:48:22 PM - INFO: Created new Hut.
12/21/2020 04:48:22 PM - INFO: Loading config file into Hut...
12/21/2020 04:48:22 PM - INFO: Reading config file...
12/21/2020 04:48:22 PM - INFO: Applying general settings to Hut...
12/21/2020 04:48:22 PM - INFO: Adding models to Hut...
12/21/2020 04:48:22 PM - INFO: Created model: newModel1.
12/21/2020 04:48:22 PM - INFO: Added newModel1 to Hut.
12/21/2020 04:48:22 PM - INFO: Created model: newModel2.
12/21/2020 04:48:22 PM - INFO: Added newModel2 to Hut.
12/21/2020 04:48:22 PM - INFO: Importing parameters into Hut models...
12/21/2020 04:48:22 PM - INFO: Skipped unknown parameter in config file: includeInProcessing.
12/21/2020 04:48:22 PM - INFO: Skipped unknown parameter in config file: model_alias.
12/21/2020 04:48:22 PM - INFO: Skipped unknown parameter in config file: storm_alias.
12/21/2020 04:48:22 PM - ERROR: Could not find attribute type MODEL_GDB_PATH in model newModel1.
12/21/2020 04:48:22 PM - ERROR: Arguments for operation processASC_2DDepth in model newModel1 missing.
12/21/2020 04:48:22 PM - INFO: Skipped unknown parameter in config file: processASC_2DVelocity.
12/21/2020 04:48:22 PM - ERROR: Could not find attribute type MODEL_GDB_PATH in model newModel1.
12/21/2020 04:48:22 PM - ERROR: Arguments for operation processASC_2DDirection in model newModel1 missing.
12/21/2020 04:48:22 PM - INFO: Skipped unknown parameter in config file: processASC_RiverDepth.
12/21/2020 04:48:22 PM - INFO: Skipped unknown parameter in config file: processFullDepth.
12/21/2020 04:48:22 PM - ERROR: Could not find attribute type MODEL_GDB_PATH in model newModel1.
12/21/2020 04:48:22 PM - ERROR: Could not find attribute type CLIP_FIELD in model newModel1.
12/21/2020 04:48:22 PM - ERROR: Could not find attribute type CLIP_VALUE in model newModel1.
12/21/2020 04:48:22 PM - ERROR: Arguments for operation processClipResults in model newModel1 missing.
12/21/2020 04:48:22 PM - INFO: Skipped unknown parameter in config file: processClean.
12/21/2020 04:48:22 PM - INFO: Skipped unknown parameter in config file: includeInProcessing.
12/21/2020 04:48:22 PM - INFO: Skipped unknown parameter in config file: model_alias.
12/21/2020 04:48:22 PM - INFO: Skipped unknown parameter in config file: storm_alias.
12/21/2020 04:48:22 PM - INFO: Skipped unknown parameter in config file: process2DDepth.
12/21/2020 04:48:22 PM - INFO: Skipped unknown parameter in config file: process2DVelocity.
12/21/2020 04:48:22 PM - INFO: Skipped unknown parameter in config file: process2DDirection.
12/21/2020 04:48:22 PM - INFO: Skipped unknown parameter in config file: processRiverDepth.
12/21/2020 04:48:22 PM - INFO: Skipped unknown parameter in config file: processFullDepth.
12/21/2020 04:48:22 PM - INFO: Skipped unknown parameter in config file: processClipDepth.
12/21/2020 04:48:22 PM - INFO: Skipped unknown parameter in config file: processClipVelocity.
12/21/2020 04:48:22 PM - INFO: Skipped unknown parameter in config file: processClean.
12/21/2020 04:48:22 PM - INFO: Config file loaded.
12/21/2020 04:48:22 PM - INFO: Created new Hut.
12/21/2020 04:48:22 PM - INFO: Loading config file into Hut...
12/21/2020 04:48:22 PM - INFO: Reading config file...
12/21/2020 04:48:22 PM - INFO: Applying general settings to Hut...
12/21/2020 04:48:22 PM - INFO: Adding models to Hut...
12/21/2020 04:48:22 PM - INFO: Created model: newModel1.
12/21/2020 04:48:22 PM - INFO: Added newModel1 to Hut.
12/21/2020 04:48:22 PM - INFO: Created model: newModel2.
12/21/2020 04:48:22 PM - INFO: Added newModel2 to Hut.
12/21/2020 04:48:22 PM - INFO: Importing parameters into Hut models...
12/21/2020 04:48:22 PM - INFO: Skipped unknown parameter in config file: includeInProcessing.
12/21/2020 04:48:22 PM - INFO: Skipped unknown parameter in config file: model_alias.
12/21/2020 04:48:22 PM - INFO: Skipped unknown parameter in config file: storm_alias.
12/21/2020 04:48:22 PM - ERROR: Could not find attribute type MODEL_GDB_PATH in model newModel1.
12/21/2020 04:48:22 PM - ERROR: Arguments for operation processASC_2DDepth in model newModel1 missing.
12/21/2020 04:48:22 PM - INFO: Skipped unknown parameter in config file: processASC_2DVelocity.
12/21/2020 04:48:22 PM - ERROR: Could not find attribute type MODEL_GDB_PATH in model newModel1.
12/21/2020 04:48:22 PM - ERROR: Arguments for operation processASC_2DDirection in model newModel1 missing.
12/21/2020 04:48:22 PM - INFO: Skipped unknown parameter in config file: processASC_RiverDepth.
12/21/2020 04:48:22 PM - INFO: Skipped unknown parameter in config file: processFullDepth.
12/21/2020 04:48:22 PM - ERROR: Could not find attribute type MODEL_GDB_PATH in model newModel1.
12/21/2020 04:48:22 PM - ERROR: Could not find attribute type CLIP_FIELD in model newModel1.
12/21/2020 04:48:22 PM - ERROR: Could not find attribute type CLIP_VALUE in model newModel1.
12/21/2020 04:48:22 PM - ERROR: Arguments for operation processClipResults in model newModel1 missing.
12/21/2020 04:48:22 PM - INFO: Skipped unknown parameter in config file: processClean.
12/21/2020 04:48:22 PM - INFO: Skipped unknown parameter in config file: includeInProcessing.
12/21/2020 04:48:22 PM - INFO: Skipped unknown parameter in config file: model_alias.
12/21/2020 04:48:22 PM - INFO: Skipped unknown parameter in config file: storm_alias.
12/21/2020 04:48:22 PM - INFO: Skipped unknown parameter in config file: process2DDepth.
12/21/2020 04:48:22 PM - INFO: Skipped unknown parameter in config file: process2DVelocity.
12/21/2020 04:48:22 PM - INFO: Skipped unknown parameter in config file: process2DDirection.
12/21/2020 04:48:22 PM - INFO: Skipped unknown parameter in config file: processRiverDepth.
12/21/2020 04:48:22 PM - INFO: Skipped unknown parameter in config file: processFullDepth.
12/21/2020 04:48:22 PM - INFO: Skipped unknown parameter in config file: processClipDepth.
12/21/2020 04:48:22 PM - INFO: Skipped unknown parameter in config file: processClipVelocity.
12/21/2020 04:48:22 PM - INFO: Skipped unknown parameter in config file: processClean.
12/21/2020 04:48:22 PM - INFO: Config file loaded.
12/21/2020 04:48:22 PM - INFO: Created new Hut.
12/21/2020 04:48:22 PM - INFO: Loading config file into Hut...
12/21/2020 04:48:22 PM - INFO: Reading config file...
12/21/2020 04:48:22 PM - INFO: Applying general settings to Hut...
12/21/2020 04:48:22 PM - INFO: Adding models to Hut...
12/21/2020 04:48:22 PM - INFO: Created model: newModel1.
12/21/2020 04:48:22 PM - INFO: Added newModel1 to Hut.
12/21/2020 04:48:22 PM - INFO: Created model: newModel2.
12/21/2020 04:48:22 PM - INFO: Added newModel2 to Hut.
12/21/2020 04:48:22 PM - INFO: Importing parameters into Hut models...
12/21/2020 04:48:22 PM - INFO: Skipped unknown parameter in config file: includeInProcessing.
12/21/2020 04:48:22 PM - INFO: Skipped unknown parameter in config file: model_alias.
12/21/2020 04:48:22 PM - INFO: Skipped unknown parameter in config file: storm_alias.
12/21/2020 04:48:22 PM - ERROR: Could not find attribute type MODEL_GDB_PATH in model newModel1.
12/21/2020 04:48:22 PM - ERROR: Arguments for operation processASC_2DDepth in model newModel1 missing.
12/21/2020 04:48:22 PM - INFO: Skipped unknown parameter in config file: processASC_2DVelocity.
12/21/2020 04:48:22 PM - ERROR: Could not find attribute type MODEL_GDB_PATH in model newModel1.
12/21/2020 04:48:22 PM - ERROR: Arguments for operation processASC_2DDirection in model newModel1 missing.
12/21/2020 04:48:22 PM - INFO: Skipped unknown parameter in config file: processASC_RiverDepth.
12/21/2020 04:48:22 PM - INFO: Skipped unknown parameter in config file: processFullDepth.
12/21/2020 04:48:22 PM - ERROR: Could not find attribute type MODEL_GDB_PATH in model newModel1.
12/21/2020 04:48:22 PM - ERROR: Could not find attribute type CLIP_FIELD in model newModel1.
12/21/2020 04:48:22 PM - ERROR: Could not find attribute type CLIP_VALUE in model newModel1.
12/21/2020 04:48:22 PM - ERROR: Arguments for operation processClipResults in model newModel1 missing.
12/21/2020 04:48:22 PM - INFO: Skipped unknown parameter in config file: processClean.
12/21/2020 04:48:22 PM - INFO: Skipped unknown parameter in config file: includeInProcessing.
12/21/2020 04:48:22 PM - INFO: Skipped unknown parameter in config file: model_alias.
12/21/2020 04:48:22 PM - INFO: Skipped unknown parameter in config file: storm_alias.
12/21/2020 04:48:22 PM - INFO: Skipped unknown parameter in config file: process2DDepth.
12/21/2020 04:48:22 PM - INFO: Skipped unknown parameter in config file: process2DVelocity.
12/21/2020 04:48:22 PM - INFO: Skipped unknown parameter in config file: process2DDirection.
12/21/2020 04:48:22 PM - INFO: Skipped unknown parameter in config file: processRiverDepth.
12/21/2020 04:48:22 PM - INFO: Skipped unknown parameter in config file: processFullDepth.
12/21/2020 04:48:22 PM - INFO: Skipped unknown parameter in config file: processClipDepth.
12/21/2020 04:48:22 PM - INFO: Skipped unknown parameter in config file: processClipVelocity.
12/21/2020 04:48:22 PM - INFO: Skipped unknown parameter in config file: processClean.
12/21/2020 04:48:22 PM - INFO: Config file loaded.
12/21/2020 04:48:22 PM - INFO: Created new Hut.
12/21/2020 04:48:22 PM - INFO: Loading config file into Hut...
12/21/2020 04:48:22 PM - INFO: Reading config file...
12/21/2020 04:48:22 PM - INFO: Applying general settings to Hut...
12/21/2020 04:48:22 PM - INFO: Adding models to Hut...
12/21/2020 04:48:22 PM - INFO: Created model: newModel1.
12/21/2020 04:48:22 PM - INFO: Added newModel1 to Hut.
12/21/2020 04:48:22 PM - INFO: Created model: newModel2.
12/21/2020 04:48:22 PM - INFO: Added newModel2 to Hut.
12/21/2020 04:48:22 PM - INFO: Importing parameters into Hut models...
12/21/2020 04:48:22 PM - INFO: Skipped unknown parameter in config file: includeInProcessing.
12/21/2020 04:48:22 PM - INFO: Skipped unknown parameter in config file: model_alias.
12/21/2020 04:48:22 PM - INFO: Skipped unknown parameter in config file: storm_alias.
12/21/2020 04:48:22 PM - ERROR: Could not find attribute type MODEL_GDB_PATH in model newModel1.
12/21/2020 04:48:22 PM - ERROR: Arguments for operation processASC_2DDepth in model newModel1 missing.
12/21/2020 04:48:22 PM - INFO: Skipped unknown parameter in config file: processASC_2DVelocity.
12/21/2020 04:48:22 PM - ERROR: Could not find attribute type MODEL_GDB_PATH in model newModel1.
12/21/2020 04:48:22 PM - ERROR: Arguments for operation processASC_2DDirection in model newModel1 missing.
12/21/2020 04:48:22 PM - INFO: Skipped unknown parameter in config file: processASC_RiverDepth.
12/21/2020 04:48:22 PM - INFO: Skipped unknown parameter in config file: processFullDepth.
12/21/2020 04:48:22 PM - ERROR: Could not find attribute type MODEL_GDB_PATH in model newModel1.
12/21/2020 04:48:22 PM - ERROR: Could not find attribute type CLIP_FIELD in model newModel1.
12/21/2020 04:48:22 PM - ERROR: Could not find attribute type CLIP_VALUE in model newModel1.
12/21/2020 04:48:22 PM - ERROR: Arguments for operation processClipResults in model newModel1 missing.
12/21/2020 04:48:22 PM - INFO: Skipped unknown parameter in config file: processClean.
12/21/2020 04:48:22 PM - INFO: Skipped unknown parameter in config file: includeInProcessing.
12/21/2020 04:48:22 PM - INFO: Skipped unknown parameter in config file: model_alias.
12/21/2020 04:48:22 PM - INFO: Skipped unknown parameter in config file: storm_alias.
12/21/2020 04:48:22 PM - INFO: Skipped unknown parameter in config file: process2DDepth.
12/21/2020 04:48:22 PM - INFO: Skipped unknown parameter in config file: process2DVelocity.
12/21/2020 04:48:22 PM - INFO: Skipped unknown parameter in config file: process2DDirection.
12/21/2020 04:48:22 PM - INFO: Skipped unknown parameter in config file: processRiverDepth.
12/21/2020 04:48:22 PM - INFO: Skipped unknown parameter in config file: processFullDepth.
12/21/2020 04:48:22 PM - INFO: Skipped unknown parameter in config file: processClipDepth.
12/21/2020 04:48:22 PM - INFO: Skipped unknown parameter in config file: processClipVelocity.
12/21/2020 04:48:22 PM - INFO: Skipped unknown parameter in config file: processClean.
12/21/2020 04:48:22 PM - INFO: Config file loaded.
12/21/2020 04:48:22 PM - INFO: Created new Hut.
12/21/2020 04:48:22 PM - INFO: Loading config file into Hut...
12/21/2020 04:48:22 PM - INFO: Reading config file...
12/21/2020 04:48:22 PM - INFO: Applying general settings to Hut...
12/21/2020 04:48:22 PM - INFO: Adding models to Hut...
12/21/2020 04:48:22 PM - INFO: Created model: newModel1.
12/21/2020 04:48:22 PM - INFO: Added newModel1 to Hut.
12/21/2020 04:48:22 PM - INFO: Created model: newModel2.
12/21/2020 04:48:22 PM - INFO: Added newModel2 to Hut.
12/21/2020 04:48:22 PM - INFO: Importing parameters into Hut models...
12/21/2020 04:48:22 PM - INFO: Skipped unknown parameter in config file: includeInProcessing.
12/21/2020 04:48:22 PM - INFO: Skipped unknown parameter in config file: model_alias.
12/21/2020 04:48:22 PM - INFO: Skipped unknown parameter in config file: storm_alias.
12/21/2020 04:48:22 PM - ERROR: Could not find attribute type MODEL_GDB_PATH in model newModel1.
12/21/2020 04:48:22 PM - ERROR: Arguments for operation processASC_2DDepth in model newModel1 missing.
12/21/2020 04:48:22 PM - INFO: Skipped unknown parameter in config file: processASC_2DVelocity.
12/21/2020 04:48:22 PM - ERROR: Could not find attribute type MODEL_GDB_PATH in model newModel1.
12/21/2020 04:48:22 PM - ERROR: Arguments for operation processASC_2DDirection in model newModel1 missing.
12/21/2020 04:48:22 PM - INFO: Skipped unknown parameter in config file: processASC_RiverDepth.
12/21/2020 04:48:22 PM - INFO: Skipped unknown parameter in config file: processFullDepth.
12/21/2020 04:48:22 PM - ERROR: Could not find attribute type MODEL_GDB_PATH in model newModel1.
12/21/2020 04:48:22 PM - ERROR: Could not find attribute type CLIP_FIELD in model newModel1.
12/21/2020 04:48:22 PM - ERROR: Could not find attribute type CLIP_VALUE in model newModel1.
12/21/2020 04:48:22 PM - ERROR: Arguments for operation processClipResults in model newModel1 missing.
12/21/2020 04:48:22 PM - INFO: Skipped unknown parameter in config file: processClean.
12/21/2020 04:48:22 PM - INFO: Skipped unknown parameter in config file: includeInProcessing.
12/21/2020 04:48:22 PM - INFO: Skipped unknown parameter in config file: model_alias.
12/21/2020 04:48:22 PM - INFO: Skipped unknown parameter in config file: storm_alias.
12/21/2020 04:48:22 PM - INFO: Skipped unknown parameter in config file: process2DDepth.
12/21/2020 04:48:22 PM - INFO: Skipped unknown parameter in config file: process2DVelocity.
12/21/2020 04:48:22 PM - INFO: Skipped unknown parameter in config file: process2DDirection.
12/21/2020 04:48:22 PM - INFO: Skipped unknown parameter in config file: processRiverDepth.
12/21/2020 04:48:22 PM - INFO: Skipped unknown parameter in config file: processFullDepth.
12/21/2020 04:48:22 PM - INFO: Skipped unknown parameter in config file: processClipDepth.
12/21/2020 04:48:22 PM - INFO: Skipped unknown parameter in config file: processClipVelocity.
12/21/2020 04:48:22 PM - INFO: Skipped unknown parameter in config file: processClean.
12/21/2020 04:48:22 PM - INFO: Config file loaded.
12/21/2020 04:48:22 PM - INFO: Created new Hut.
12/21/2020 04:48:22 PM - INFO: Loading config file into Hut...
12/21/2020 04:48:22 PM - INFO: Reading config file...
12/21/2020 04:48:22 PM - INFO: Applying general settings to Hut...
12/21/2020 04:48:22 PM - INFO: Adding models to Hut...
12/21/2020 04:48:22 PM - INFO: Created model: newModel1.
12/21/2020 04:48:22 PM - INFO: Added newModel1 to Hut.
12/21/2020 04:48:22 PM - INFO: Created model: newModel2.
12/21/2020 04:48:22 PM - INFO: Added newModel2 to Hut.
12/21/2020 04:48:22 PM - INFO: Importing parameters into Hut models...
12/21/2020 04:48:22 PM - INFO: Skipped unknown parameter in config file: includeInProcessing.
12/21/2020 04:48:22 PM - INFO: Skipped unknown parameter in config file: model_alias.
12/21/2020 04:48:22 PM - INFO: Skipped unknown parameter in config file: storm_alias.
12/21/2020 04:48:22 PM - ERROR: Could not find attribute type MODEL_GDB_PATH in model newModel1.
12/21/2020 04:48:22 PM - ERROR: Arguments for operation processASC_2DDepth in model newModel1 missing.
12/21/2020 04:48:22 PM - INFO: Skipped unknown parameter in config file: processASC_2DVelocity.
12/21/2020 04:48:22 PM - ERROR: Could not find attribute type MODEL_GDB_PATH in model newModel1.
12/21/2020 04:48:22 PM - ERROR: Arguments for operation processASC_2DDirection in model newModel1 missing.
12/21/2020 04:48:22 PM - INFO: Skipped unknown parameter in config file: processASC_RiverDepth.
12/21/2020 04:48:22 PM - INFO: Skipped unknown parameter in config file: processFullDepth.
12/21/2020 04:48:22 PM - ERROR: Could not find attribute type MODEL_GDB_PATH in model newModel1.
12/21/2020 04:48:22 PM - ERROR: Could not find attribute type CLIP_FIELD in model newModel1.
12/21/2020 04:48:22 PM - ERROR: Could not find attribute type CLIP_VALUE in model newModel1.
12/21/2020 04:48:22 PM - ERROR: Arguments for operation processClipResults in model newModel1 missing.
12/21/2020 04:48:22 PM - INFO: Skipped unknown parameter in config file: processClean.
12/21/2020 04:48:22 PM - INFO: Skipped unknown parameter in config file: includeInProcessing.
12/21/2020 04:48:22 PM - INFO: Skipped unknown parameter in config file: model_alias.
12/21/2020 04:48:22 PM - INFO: Skipped unknown parameter in config file: storm_alias.
12/21/2020 04:48:22 PM - INFO: Skipped unknown parameter in config file: process2DDepth.
12/21/2020 04:48:22 PM - INFO: Skipped unknown parameter in config file: process2DVelocity.
12/21/2020 04:48:22 PM - INFO: Skipped unknown parameter in config file: process2DDirection.
12/21/2020 04:48:22 PM - INFO: Skipped unknown parameter in config file: processRiverDepth.
12/21/2020 04:48:22 PM - INFO: Skipped unknown parameter in config file: processFullDepth.
12/21/2020 04:48:22 PM - INFO: Skipped unknown parameter in config file: processClipDepth.
12/21/2020 04:48:22 PM - INFO: Skipped unknown parameter in config file: processClipVelocity.
12/21/2020 04:48:22 PM - INFO: Skipped unknown parameter in config file: processClean.
12/21/2020 04:48:22 PM - INFO: Config file loaded.
12/21/2020 04:48:22 PM - INFO: Created new Hut.
12/21/2020 04:48:22 PM - INFO: Loading config file into Hut...
12/21/2020 04:48:22 PM - INFO: Reading config file...
12/21/2020 04:48:22 PM - INFO: Applying general settings to Hut...
12/21/2020 04:48:22 PM - INFO: Adding models to Hut...
12/21/2020 04:48:22 PM - INFO: Created model: newModel1.
12/21/2020 04:48:22 PM - INFO: Added newModel1 to Hut.
12/21/2020 04:48:22 PM - INFO: Created model: newModel2.
12/21/2020 04:48:22 PM - INFO: Added newModel2 to Hut.
12/21/2020 04:48:22 PM - INFO: Importing parameters into Hut models...
12/21/2020 04:48:22 PM - INFO: Skipped unknown parameter in config file: includeInProcessing.
12/21/2020 04:48:22 PM - INFO: Skipped unknown parameter in config file: model_alias.
12/21/2020 04:48:22 PM - INFO: Skipped unknown parameter in config file: storm_alias.
12/21/2020 04:48:22 PM - ERROR: Could not find attribute type MODEL_GDB_PATH in model newModel1.
12/21/2020 04:48:22 PM - ERROR: Arguments for operation processASC_2DDepth in model newModel1 missing.
12/21/2020 04:48:22 PM - INFO: Skipped unknown parameter in config file: processASC_2DVelocity.
12/21/2020 04:48:22 PM - ERROR: Could not find attribute type MODEL_GDB_PATH in model newModel1.
12/21/2020 04:48:22 PM - ERROR: Arguments for operation processASC_2DDirection in model newModel1 missing.
12/21/2020 04:48:22 PM - INFO: Skipped unknown parameter in config file: processASC_RiverDepth.
12/21/2020 04:48:22 PM - INFO: Skipped unknown parameter in config file: processFullDepth.
12/21/2020 04:48:22 PM - ERROR: Could not find attribute type MODEL_GDB_PATH in model newModel1.
12/21/2020 04:48:22 PM - ERROR: Could not find attribute type CLIP_FIELD in model newModel1.
12/21/2020 04:48:22 PM - ERROR: Could not find attribute type CLIP_VALUE in model newModel1.
12/21/2020 04:48:22 PM - ERROR: Arguments for operation processClipResults in model newModel1 missing.
12/21/2020 04:48:22 PM - INFO: Skipped unknown parameter in config file: processClean.
12/21/2020 04:48:22 PM - INFO: Skipped unknown parameter in config file: includeInProcessing.
12/21/2020 04:48:22 PM - INFO: Skipped unknown parameter in config file: model_alias.
12/21/2020 04:48:22 PM - INFO: Skipped unknown parameter in config file: storm_alias.
12/21/2020 04:48:22 PM - INFO: Skipped unknown parameter in config file: process2DDepth.
12/21/2020 04:48:22 PM - INFO: Skipped unknown parameter in config file: process2DVelocity.
12/21/2020 04:48:22 PM - INFO: Skipped unknown parameter in config file: process2DDirection.
12/21/2020 04:48:22 PM - INFO: Skipped unknown parameter in config file: processRiverDepth.
12/21/2020 04:48:22 PM - INFO: Skipped unknown parameter in config file: processFullDepth.
12/21/2020 04:48:22 PM - INFO: Skipped unknown parameter in config file: processClipDepth.
12/21/2020 04:48:22 PM - INFO: Skipped unknown parameter in config file: processClipVelocity.
12/21/2020 04:48:22 PM - INFO: Skipped unknown parameter in config file: processClean.
12/21/2020 04:48:22 PM - INFO: Config file loaded.
12/21/2020 04:48:22 PM - INFO: Created new Hut.
12/21/2020 04:48:22 PM - INFO: Loading config file into Hut...
12/21/2020 04:48:22 PM - INFO: Reading config file...
12/21/2020 04:48:22 PM - INFO: Applying general settings to Hut...
12/21/2020 04:48:22 PM - INFO: Adding models to Hut...
12/21/2020 04:48:22 PM - INFO: Created model: newModel1.
12/21/2020 04:48:22 PM - INFO: Added newModel1 to Hut.
12/21/2020 04:48:22 PM - INFO: Created model: newModel2.
12/21/2020 04:48:22 PM - INFO: Added newModel2 to Hut.
12/21/2020 04:48:22 PM - INFO: Importing parameters into Hut models...
12/21/2020 04:48:22 PM - INFO: Skipped unknown parameter in config file: includeInProcessing.
12/21/2020 04:48:22 PM - INFO: Skipped unknown parameter in config file: model_alias.
12/21/2020 04:48:22 PM - INFO: Skipped unknown parameter in config file: storm_alias.
12/21/2020 04:48:22 PM - ERROR: Could not find attribute type MODEL_GDB_PATH in model newModel1.
12/21/2020 04:48:22 PM - ERROR: Arguments for operation processASC_2DDepth in model newModel1 missing.
12/21/2020 04:48:22 PM - INFO: Skipped unknown parameter in config file: processASC_2DVelocity.
12/21/2020 04:48:22 PM - ERROR: Could not find attribute type MODEL_GDB_PATH in model newModel1.
12/21/2020 04:48:22 PM - ERROR: Arguments for operation processASC_2DDirection in model newModel1 missing.
12/21/2020 04:48:22 PM - INFO: Skipped unknown parameter in config file: processASC_RiverDepth.
12/21/2020 04:48:22 PM - INFO: Skipped unknown parameter in config file: processFullDepth.
12/21/2020 04:48:22 PM - ERROR: Could not find attribute type MODEL_GDB_PATH in model newModel1.
12/21/2020 04:48:22 PM - ERROR: Could not find attribute type CLIP_FIELD in model newModel1.
12/21/2020 04:48:22 PM - ERROR: Could not find attribute type CLIP_VALUE in model newModel1.
12/21/2020 04:48:22 PM - ERROR: Arguments for operation processClipResults in model newModel1 missing.
12/21/2020 04:48:22 PM - INFO: Skipped unknown parameter in config file: processClean.
12/21/2020 04:48:22 PM - INFO: Skipped unknown parameter in config file: includeInProcessing.
12/21/2020 04:48:22 PM - INFO: Skipped unknown parameter in config file: model_alias.
12/21/2020 04:48:22 PM - INFO: Skipped unknown parameter in config file: storm_alias.
12/21/2020 04:48:22 PM - INFO: Skipped unknown parameter in config file: process2DDepth.
12/21/2020 04:48:22 PM - INFO: Skipped unknown parameter in config file: process2DVelocity.
12/21/2020 04:48:22 PM - INFO: Skipped unknown parameter in config file: process2DDirection.
12/21/2020 04:48:22 PM - INFO: Skipped unknown parameter in config file: processRiverDepth.
12/21/2020 04:48:22 PM - INFO: Skipped unknown parameter in config file: processFullDepth.
12/21/2020 04:48:22 PM - INFO: Skipped unknown parameter in config file: processClipDepth.
12/21/2020 04:48:22 PM - INFO: Skipped unknown parameter in config file: processClipVelocity.
12/21/2020 04:48:22 PM - INFO: Skipped unknown parameter in config file: processClean.
12/21/2020 04:48:22 PM - INFO: Config file loaded.
12/21/2020 04:48:22 PM - INFO: Created new Hut.
12/21/2020 04:48:22 PM - INFO: Loading config file into Hut...
12/21/2020 04:48:22 PM - INFO: Reading config file...
12/21/2020 04:48:22 PM - INFO: Applying general settings to Hut...
12/21/2020 04:48:22 PM - INFO: Adding models to Hut...
12/21/2020 04:48:22 PM - INFO: Created model: newModel1.
12/21/2020 04:48:22 PM - INFO: Added newModel1 to Hut.
12/21/2020 04:48:22 PM - INFO: Created model: newModel2.
12/21/2020 04:48:22 PM - INFO: Added newModel2 to Hut.
12/21/2020 04:48:22 PM - INFO: Importing parameters into Hut models...
12/21/2020 04:48:22 PM - INFO: Skipped unknown parameter in config file: includeInProcessing.
12/21/2020 04:48:22 PM - INFO: Skipped unknown parameter in config file: model_alias.
12/21/2020 04:48:22 PM - INFO: Skipped unknown parameter in config file: storm_alias.
12/21/2020 04:48:22 PM - ERROR: Could not find attribute type MODEL_GDB_PATH in model newModel1.
12/21/2020 04:48:22 PM - ERROR: Arguments for operation processASC_2DDepth in model newModel1 missing.
12/21/2020 04:48:22 PM - INFO: Skipped unknown parameter in config file: processASC_2DVelocity.
12/21/2020 04:48:22 PM - ERROR: Could not find attribute type MODEL_GDB_PATH in model newModel1.
12/21/2020 04:48:22 PM - ERROR: Arguments for operation processASC_2DDirection in model newModel1 missing.
12/21/2020 04:48:22 PM - INFO: Skipped unknown parameter in config file: processASC_RiverDepth.
12/21/2020 04:48:22 PM - INFO: Skipped unknown parameter in config file: processFullDepth.
12/21/2020 04:48:22 PM - ERROR: Could not find attribute type MODEL_GDB_PATH in model newModel1.
12/21/2020 04:48:22 PM - ERROR: Could not find attribute type CLIP_FIELD in model newModel1.
12/21/2020 04:48:22 PM - ERROR: Could not find attribute type CLIP_VALUE in model newModel1.
12/21/2020 04:48:22 PM - ERROR: Arguments for operation processClipResults in model newModel1 missing.
12/21/2020 04:48:22 PM - INFO: Skipped unknown parameter in config file: processClean.
12/21/2020 04:48:22 PM - INFO: Skipped unknown parameter in config file: includeInProcessing.
12/21/2020 04:48:22 PM - INFO: Skipped unknown parameter in config file: model_alias.
12/21/2020 04:48:22 PM - INFO: Skipped unknown parameter in config file: storm_alias.
12/21/2020 04:48:22 PM - INFO: Skipped unknown parameter in config file: process2DDepth.
12/21/2020 04:48:22 PM - INFO: Skipped unknown parameter in config file: process2DVelocity.
12/21/2020 04:48:22 PM - INFO: Skipped unknown parameter in config file: process2DDirection.
12/21/2020 04:48:22 PM - INFO: Skipped unknown parameter in config file: processRiverDepth.
12/21/2020 04:48:22 PM - INFO: Skipped unknown parameter in config file: processFullDepth.
12/21/2020 04:48:22 PM - INFO: Skipped unknown parameter in config file: processClipDepth.
12/21/2020 04:48:22 PM - INFO: Skipped unknown parameter in config file: processClipVelocity.
12/21/2020 04:48:22 PM - INFO: Skipped unknown parameter in config file: processClean.
12/21/2020 04:48:22 PM - INFO: Config file loaded.
12/21/2020 04:48:22 PM - INFO: Created model: TestModel.
12/21/2020 04:48:22 PM - INFO: Created model: TestModel.
12/21/2020 04:48:22 PM - ERROR: WRONG_FILE_TYPE not a valid file type. Check constants.py for valid types.
12/21/2020 04:48:22 PM - INFO: Created model: TestModel.
12/21/2020 04:48:22 PM - INFO: Created model: TestModel.
12/21/2020 04:48:22 PM - ERROR: WRONG_FILE_TYPE not a valid file type. Check constants.py for valid types.
12/21/2020 04:48:22 PM - INFO: Created model: TestModel.
12/21/2020 04:48:22 PM - INFO: Created model: TestModel.
12/21/2020 04:48:22 PM - ERROR: INVALID PARAM not a valid parameter type. Check constants.py for valid types.
12/21/2020 04:48:22 PM - INFO: Created new Hut.
12/21/2020 04:48:22 PM - INFO: Loading config file into Hut...
12/21/2020 04:48:22 PM - INFO: Reading config file...
12/21/2020 04:48:22 PM - INFO: Applying general settings to Hut...
12/21/2020 04:48:22 PM - INFO: Adding models to Hut...
12/21/2020 04:48:22 PM - INFO: Created model: newModel1.
12/21/2020 04:48:22 PM - INFO: Added newModel1 to Hut.
12/21/2020 04:48:22 PM - INFO: Created model: newModel2.
12/21/2020 04:48:22 PM - INFO: Added newModel2 to Hut.
12/21/2020 04:48:22 PM - INFO: Importing parameters into Hut models...
12/21/2020 04:48:22 PM - INFO: Skipped unknown parameter in config file: includeInProcessing.
12/21/2020 04:48:22 PM - INFO: Skipped unknown parameter in config file: model_alias.
12/21/2020 04:48:22 PM - INFO: Skipped unknown parameter in config file: storm_alias.
12/21/2020 04:48:22 PM - ERROR: Could not find attribute type MODEL_GDB_PATH in model newModel1.
12/21/2020 04:48:22 PM - ERROR: Arguments for operation processASC_2DDepth in model newModel1 missing.
12/21/2020 04:48:22 PM - INFO: Skipped unknown parameter in config file: processASC_2DVelocity.
12/21/2020 04:48:22 PM - ERROR: Could not find attribute type MODEL_GDB_PATH in model newModel1.
12/21/2020 04:48:22 PM - ERROR: Arguments for operation processASC_2DDirection in model newModel1 missing.
12/21/2020 04:48:22 PM - INFO: Skipped unknown parameter in config file: processASC_RiverDepth.
12/21/2020 04:48:22 PM - INFO: Skipped unknown parameter in config file: processFullDepth.
12/21/2020 04:48:22 PM - ERROR: Could not find attribute type MODEL_GDB_PATH in model newModel1.
12/21/2020 04:48:22 PM - ERROR: Could not find attribute type CLIP_FIELD in model newModel1.
12/21/2020 04:48:22 PM - ERROR: Could not find attribute type CLIP_VALUE in model newModel1.
12/21/2020 04:48:22 PM - ERROR: Arguments for operation processClipResults in model newModel1 missing.
12/21/2020 04:48:22 PM - INFO: Skipped unknown parameter in config file: processClean.
12/21/2020 04:48:22 PM - INFO: Skipped unknown parameter in config file: includeInProcessing.
12/21/2020 04:48:22 PM - INFO: Skipped unknown parameter in config file: model_alias.
12/21/2020 04:48:22 PM - INFO: Skipped unknown parameter in config file: storm_alias.
12/21/2020 04:48:22 PM - INFO: Skipped unknown parameter in config file: process2DDepth.
12/21/2020 04:48:22 PM - INFO: Skipped unknown parameter in config file: process2DVelocity.
12/21/2020 04:48:22 PM - INFO: Skipped unknown parameter in config file: process2DDirection.
12/21/2020 04:48:22 PM - INFO: Skipped unknown parameter in config file: processRiverDepth.
12/21/2020 04:48:22 PM - INFO: Skipped unknown parameter in config file: processFullDepth.
12/21/2020 04:48:22 PM - INFO: Skipped unknown parameter in config file: processClipDepth.
12/21/2020 04:48:22 PM - INFO: Skipped unknown parameter in config file: processClipVelocity.
12/21/2020 04:48:22 PM - INFO: Skipped unknown parameter in config file: processClean.
12/21/2020 04:48:22 PM - INFO: Config file loaded.
12/21/2020 04:48:22 PM - ERROR: Could not find attribute type MODEL_GDB_PATH in model newModel1.
12/21/2020 04:48:22 PM - ERROR: Arguments for operation processASC_2DDepth in model newModel1 missing.
12/21/2020 04:48:22 PM - INFO: Created new Hut.
12/21/2020 04:48:22 PM - INFO: Loading config file into Hut...
12/21/2020 04:48:22 PM - INFO: Reading config file...
12/21/2020 04:48:22 PM - INFO: Applying general settings to Hut...
12/21/2020 04:48:22 PM - INFO: Adding models to Hut...
12/21/2020 04:48:22 PM - INFO: Created model: newModel1.
12/21/2020 04:48:22 PM - INFO: Added newModel1 to Hut.
12/21/2020 04:48:22 PM - INFO: Created model: newModel2.
12/21/2020 04:48:22 PM - INFO: Added newModel2 to Hut.
12/21/2020 04:48:22 PM - INFO: Importing parameters into Hut models...
12/21/2020 04:48:22 PM - INFO: Skipped unknown parameter in config file: includeInProcessing.
12/21/2020 04:48:22 PM - INFO: Skipped unknown parameter in config file: model_alias.
12/21/2020 04:48:22 PM - INFO: Skipped unknown parameter in config file: storm_alias.
12/21/2020 04:48:22 PM - ERROR: Could not find attribute type MODEL_GDB_PATH in model newModel1.
12/21/2020 04:48:22 PM - ERROR: Arguments for operation processASC_2DDepth in model newModel1 missing.
12/21/2020 04:48:22 PM - INFO: Skipped unknown parameter in config file: processASC_2DVelocity.
12/21/2020 04:48:22 PM - ERROR: Could not find attribute type MODEL_GDB_PATH in model newModel1.
12/21/2020 04:48:22 PM - ERROR: Arguments for operation processASC_2DDirection in model newModel1 missing.
12/21/2020 04:48:22 PM - INFO: Skipped unknown parameter in config file: processASC_RiverDepth.
12/21/2020 04:48:22 PM - INFO: Skipped unknown parameter in config file: processFullDepth.
12/21/2020 04:48:22 PM - ERROR: Could not find attribute type MODEL_GDB_PATH in model newModel1.
12/21/2020 04:48:22 PM - ERROR: Could not find attribute type CLIP_FIELD in model newModel1.
12/21/2020 04:48:22 PM - ERROR: Could not find attribute type CLIP_VALUE in model newModel1.
12/21/2020 04:48:22 PM - ERROR: Arguments for operation processClipResults in model newModel1 missing.
12/21/2020 04:48:22 PM - INFO: Skipped unknown parameter in config file: processClean.
12/21/2020 04:48:22 PM - INFO: Skipped unknown parameter in config file: includeInProcessing.
12/21/2020 04:48:22 PM - INFO: Skipped unknown parameter in config file: model_alias.
12/21/2020 04:48:22 PM - INFO: Skipped unknown parameter in config file: storm_alias.
12/21/2020 04:48:22 PM - INFO: Skipped unknown parameter in config file: process2DDepth.
12/21/2020 04:48:22 PM - INFO: Skipped unknown parameter in config file: process2DVelocity.
12/21/2020 04:48:22 PM - INFO: Skipped unknown parameter in config file: process2DDirection.
12/21/2020 04:48:22 PM - INFO: Skipped unknown parameter in config file: processRiverDepth.
12/21/2020 04:48:22 PM - INFO: Skipped unknown parameter in config file: processFullDepth.
12/21/2020 04:48:22 PM - INFO: Skipped unknown parameter in config file: processClipDepth.
12/21/2020 04:48:22 PM - INFO: Skipped unknown parameter in config file: processClipVelocity.
12/21/2020 04:48:22 PM - INFO: Skipped unknown parameter in config file: processClean.
12/21/2020 04:48:22 PM - INFO: Config file loaded.
12/21/2020 04:48:22 PM - ERROR: Could not find attribute type MODEL_GDB_PATH in model newModel1.
12/21/2020 04:48:22 PM - ERROR: Arguments for operation processASC_2DDepth in model newModel1 missing.
12/21/2020 04:48:22 PM - INFO: Created new Hut.
12/21/2020 04:48:22 PM - INFO: Loading config file into Hut...
12/21/2020 04:48:22 PM - INFO: Reading config file...
12/21/2020 04:48:22 PM - INFO: Applying general settings to Hut...
12/21/2020 04:48:22 PM - INFO: Adding models to Hut...
12/21/2020 04:48:22 PM - INFO: Created model: newModel1.
12/21/2020 04:48:22 PM - INFO: Added newModel1 to Hut.
12/21/2020 04:48:22 PM - INFO: Created model: newModel2.
12/21/2020 04:48:22 PM - INFO: Added newModel2 to Hut.
12/21/2020 04:48:22 PM - INFO: Importing parameters into Hut models...
12/21/2020 04:48:22 PM - INFO: Skipped unknown parameter in config file: includeInProcessing.
12/21/2020 04:48:22 PM - INFO: Skipped unknown parameter in config file: model_alias.
12/21/2020 04:48:22 PM - INFO: Skipped unknown parameter in config file: storm_alias.
12/21/2020 04:48:22 PM - ERROR: Could not find attribute type MODEL_GDB_PATH in model newModel1.
12/21/2020 04:48:22 PM - ERROR: Arguments for operation processASC_2DDepth in model newModel1 missing.
12/21/2020 04:48:22 PM - INFO: Skipped unknown parameter in config file: processASC_2DVelocity.
12/21/2020 04:48:22 PM - ERROR: Could not find attribute type MODEL_GDB_PATH in model newModel1.
12/21/2020 04:48:22 PM - ERROR: Arguments for operation processASC_2DDirection in model newModel1 missing.
12/21/2020 04:48:22 PM - INFO: Skipped unknown parameter in config file: processASC_RiverDepth.
12/21/2020 04:48:22 PM - INFO: Skipped unknown parameter in config file: processFullDepth.
12/21/2020 04:48:22 PM - ERROR: Could not find attribute type MODEL_GDB_PATH in model newModel1.
12/21/2020 04:48:22 PM - ERROR: Could not find attribute type CLIP_FIELD in model newModel1.
12/21/2020 04:48:22 PM - ERROR: Could not find attribute type CLIP_VALUE in model newModel1.
12/21/2020 04:48:22 PM - ERROR: Arguments for operation processClipResults in model newModel1 missing.
12/21/2020 04:48:22 PM - INFO: Skipped unknown parameter in config file: processClean.
12/21/2020 04:48:22 PM - INFO: Skipped unknown parameter in config file: includeInProcessing.
12/21/2020 04:48:22 PM - INFO: Skipped unknown parameter in config file: model_alias.
12/21/2020 04:48:22 PM - INFO: Skipped unknown parameter in config file: storm_alias.
12/21/2020 04:48:22 PM - INFO: Skipped unknown parameter in config file: process2DDepth.
12/21/2020 04:48:22 PM - INFO: Skipped unknown parameter in config file: process2DVelocity.
12/21/2020 04:48:22 PM - INFO: Skipped unknown parameter in config file: process2DDirection.
12/21/2020 04:48:22 PM - INFO: Skipped unknown parameter in config file: processRiverDepth.
12/21/2020 04:48:22 PM - INFO: Skipped unknown parameter in config file: processFullDepth.
12/21/2020 04:48:22 PM - INFO: Skipped unknown parameter in config file: processClipDepth.
12/21/2020 04:48:22 PM - INFO: Skipped unknown parameter in config file: processClipVelocity.
12/21/2020 04:48:22 PM - INFO: Skipped unknown parameter in config file: processClean.
12/21/2020 04:48:22 PM - INFO: Config file loaded.
12/21/2020 04:48:22 PM - INFO: Created new Hut.
12/21/2020 04:48:22 PM - INFO: Loading config file into Hut...
12/21/2020 04:48:22 PM - INFO: Reading config file...
12/21/2020 04:48:22 PM - INFO: Applying general settings to Hut...
12/21/2020 04:48:22 PM - INFO: Adding models to Hut...
12/21/2020 04:48:22 PM - INFO: Created model: newModel1.
12/21/2020 04:48:22 PM - INFO: Added newModel1 to Hut.
12/21/2020 04:48:22 PM - INFO: Created model: newModel2.
12/21/2020 04:48:22 PM - INFO: Added newModel2 to Hut.
12/21/2020 04:48:22 PM - INFO: Importing parameters into Hut models...
12/21/2020 04:48:22 PM - INFO: Skipped unknown parameter in config file: includeInProcessing.
12/21/2020 04:48:22 PM - INFO: Skipped unknown parameter in config file: model_alias.
12/21/2020 04:48:22 PM - INFO: Skipped unknown parameter in config file: storm_alias.
12/21/2020 04:48:22 PM - ERROR: Could not find attribute type MODEL_GDB_PATH in model newModel1.
12/21/2020 04:48:22 PM - ERROR: Arguments for operation processASC_2DDepth in model newModel1 missing.
12/21/2020 04:48:22 PM - INFO: Skipped unknown parameter in config file: processASC_2DVelocity.
12/21/2020 04:48:22 PM - ERROR: Could not find attribute type MODEL_GDB_PATH in model newModel1.
12/21/2020 04:48:22 PM - ERROR: Arguments for operation processASC_2DDirection in model newModel1 missing.
12/21/2020 04:48:22 PM - INFO: Skipped unknown parameter in config file: processASC_RiverDepth.
12/21/2020 04:48:22 PM - INFO: Skipped unknown parameter in config file: processFullDepth.
12/21/2020 04:48:22 PM - ERROR: Could not find attribute type MODEL_GDB_PATH in model newModel1.
12/21/2020 04:48:22 PM - ERROR: Could not find attribute type CLIP_FIELD in model newModel1.
12/21/2020 04:48:22 PM - ERROR: Could not find attribute type CLIP_VALUE in model newModel1.
12/21/2020 04:48:22 PM - ERROR: Arguments for operation processClipResults in model newModel1 missing.
12/21/2020 04:48:22 PM - INFO: Skipped unknown parameter in config file: processClean.
12/21/2020 04:48:22 PM - INFO: Skipped unknown parameter in config file: includeInProcessing.
12/21/2020 04:48:22 PM - INFO: Skipped unknown parameter in config file: model_alias.
12/21/2020 04:48:22 PM - INFO: Skipped unknown parameter in config file: storm_alias.
12/21/2020 04:48:22 PM - INFO: Skipped unknown parameter in config file: process2DDepth.
12/21/2020 04:48:22 PM - INFO: Skipped unknown parameter in config file: process2DVelocity.
12/21/2020 04:48:22 PM - INFO: Skipped unknown parameter in config file: process2DDirection.
12/21/2020 04:48:22 PM - INFO: Skipped unknown parameter in config file: processRiverDepth.
12/21/2020 04:48:22 PM - INFO: Skipped unknown parameter in config file: processFullDepth.
12/21/2020 04:48:22 PM - INFO: Skipped unknown parameter in config file: processClipDepth.
12/21/2020 04:48:22 PM - INFO: Skipped unknown parameter in config file: processClipVelocity.
12/21/2020 04:48:22 PM - INFO: Skipped unknown parameter in config file: processClean.
12/21/2020 04:48:22 PM - INFO: Config file loaded.
12/21/2020 04:48:22 PM - INFO: Created new Hut.
12/21/2020 04:48:22 PM - INFO: Loading config file into Hut...
12/21/2020 04:48:22 PM - INFO: Reading config file...
12/21/2020 04:48:22 PM - INFO: Applying general settings to Hut...
12/21/2020 04:48:22 PM - INFO: Adding models to Hut...
12/21/2020 04:48:22 PM - INFO: Created model: newModel1.
12/21/2020 04:48:22 PM - INFO: Added newModel1 to Hut.
12/21/2020 04:48:22 PM - INFO: Created model: newModel2.
12/21/2020 04:48:22 PM - INFO: Added newModel2 to Hut.
12/21/2020 04:48:22 PM - INFO: Importing parameters into Hut models...
12/21/2020 04:48:22 PM - INFO: Skipped unknown parameter in config file: includeInProcessing.
12/21/2020 04:48:22 PM - INFO: Skipped unknown parameter in config file: model_alias.
12/21/2020 04:48:22 PM - INFO: Skipped unknown parameter in config file: storm_alias.
12/21/2020 04:48:22 PM - ERROR: Could not find attribute type MODEL_GDB_PATH in model newModel1.
12/21/2020 04:48:22 PM - ERROR: Arguments for operation processASC_2DDepth in model newModel1 missing.
12/21/2020 04:48:22 PM - INFO: Skipped unknown parameter in config file: processASC_2DVelocity.
12/21/2020 04:48:22 PM - ERROR: Could not find attribute type MODEL_GDB_PATH in model newModel1.
12/21/2020 04:48:22 PM - ERROR: Arguments for operation processASC_2DDirection in model newModel1 missing.
12/21/2020 04:48:22 PM - INFO: Skipped unknown parameter in config file: processASC_RiverDepth.
12/21/2020 04:48:22 PM - INFO: Skipped unknown parameter in config file: processFullDepth.
12/21/2020 04:48:22 PM - ERROR: Could not find attribute type MODEL_GDB_PATH in model newModel1.
12/21/2020 04:48:22 PM - ERROR: Could not find attribute type CLIP_FIELD in model newModel1.
12/21/2020 04:48:22 PM - ERROR: Could not find attribute type CLIP_VALUE in model newModel1.
12/21/2020 04:48:22 PM - ERROR: Arguments for operation processClipResults in model newModel1 missing.
12/21/2020 04:48:22 PM - INFO: Skipped unknown parameter in config file: processClean.
12/21/2020 04:48:22 PM - INFO: Skipped unknown parameter in config file: includeInProcessing.
12/21/2020 04:48:22 PM - INFO: Skipped unknown parameter in config file: model_alias.
12/21/2020 04:48:22 PM - INFO: Skipped unknown parameter in config file: storm_alias.
12/21/2020 04:48:22 PM - INFO: Skipped unknown parameter in config file: process2DDepth.
12/21/2020 04:48:22 PM - INFO: Skipped unknown parameter in config file: process2DVelocity.
12/21/2020 04:48:22 PM - INFO: Skipped unknown parameter in config file: process2DDirection.
12/21/2020 04:48:22 PM - INFO: Skipped unknown parameter in config file: processRiverDepth.
12/21/2020 04:48:22 PM - INFO: Skipped unknown parameter in config file: processFullDepth.
12/21/2020 04:48:22 PM - INFO: Skipped unknown parameter in config file: processClipDepth.
12/21/2020 04:48:22 PM - INFO: Skipped unknown parameter in config file: processClipVelocity.
12/21/2020 04:48:22 PM - INFO: Skipped unknown parameter in config file: processClean.
12/21/2020 04:48:22 PM - INFO: Config file loaded.
12/21/2020 04:48:22 PM - INFO: Running OP_FOR_TESTING_ONLY...
12/21/2020 04:48:22 PM - INFO: Created new Hut.
12/21/2020 04:48:22 PM - INFO: Loading config file into Hut...
12/21/2020 04:48:22 PM - INFO: Reading config file...
12/21/2020 04:48:22 PM - INFO: Applying general settings to Hut...
12/21/2020 04:48:22 PM - INFO: Adding models to Hut...
12/21/2020 04:48:22 PM - INFO: Created model: newModel1.
12/21/2020 04:48:22 PM - INFO: Added newModel1 to Hut.
12/21/2020 04:48:22 PM - INFO: Created model: newModel2.
12/21/2020 04:48:22 PM - INFO: Added newModel2 to Hut.
12/21/2020 04:48:22 PM - INFO: Importing parameters into Hut models...
12/21/2020 04:48:22 PM - INFO: Skipped unknown parameter in config file: includeInProcessing.
12/21/2020 04:48:22 PM - INFO: Skipped unknown parameter in config file: model_alias.
12/21/2020 04:48:22 PM - INFO: Skipped unknown parameter in config file: storm_alias.
12/21/2020 04:48:22 PM - ERROR: Could not find attribute type MODEL_GDB_PATH in model newModel1.
12/21/2020 04:48:22 PM - ERROR: Arguments for operation processASC_2DDepth in model newModel1 missing.
12/21/2020 04:48:22 PM - INFO: Skipped unknown parameter in config file: processASC_2DVelocity.
12/21/2020 04:48:22 PM - ERROR: Could not find attribute type MODEL_GDB_PATH in model newModel1.
12/21/2020 04:48:22 PM - ERROR: Arguments for operation processASC_2DDirection in model newModel1 missing.
12/21/2020 04:48:22 PM - INFO: Skipped unknown parameter in config file: processASC_RiverDepth.
12/21/2020 04:48:22 PM - INFO: Skipped unknown parameter in config file: processFullDepth.
12/21/2020 04:48:22 PM - ERROR: Could not find attribute type MODEL_GDB_PATH in model newModel1.
12/21/2020 04:48:22 PM - ERROR: Could not find attribute type CLIP_FIELD in model newModel1.
12/21/2020 04:48:22 PM - ERROR: Could not find attribute type CLIP_VALUE in model newModel1.
12/21/2020 04:48:22 PM - ERROR: Arguments for operation processClipResults in model newModel1 missing.
12/21/2020 04:48:22 PM - INFO: Skipped unknown parameter in config file: processClean.
12/21/2020 04:48:22 PM - INFO: Skipped unknown parameter in config file: includeInProcessing.
12/21/2020 04:48:22 PM - INFO: Skipped unknown parameter in config file: model_alias.
12/21/2020 04:48:22 PM - INFO: Skipped unknown parameter in config file: storm_alias.
12/21/2020 04:48:22 PM - INFO: Skipped unknown parameter in config file: process2DDepth.
12/21/2020 04:48:22 PM - INFO: Skipped unknown parameter in config file: process2DVelocity.
12/21/2020 04:48:22 PM - INFO: Skipped unknown parameter in config file: process2DDirection.
12/21/2020 04:48:22 PM - INFO: Skipped unknown parameter in config file: processRiverDepth.
12/21/2020 04:48:22 PM - INFO: Skipped unknown parameter in config file: processFullDepth.
12/21/2020 04:48:22 PM - INFO: Skipped unknown parameter in config file: processClipDepth.
12/21/2020 04:48:22 PM - INFO: Skipped unknown parameter in config file: processClipVelocity.
12/21/2020 04:48:22 PM - INFO: Skipped unknown parameter in config file: processClean.
12/21/2020 04:48:22 PM - INFO: Config file loaded.
12/21/2020 04:48:22 PM - INFO: Created new Hut.
12/21/2020 04:48:22 PM - INFO: Loading config file into Hut...
12/21/2020 04:48:22 PM - INFO: Reading config file...
12/21/2020 04:48:22 PM - INFO: Applying general settings to Hut...
12/21/2020 04:48:22 PM - INFO: Adding models to Hut...
12/21/2020 04:48:22 PM - INFO: Created model: newModel1.
12/21/2020 04:48:22 PM - INFO: Added newModel1 to Hut.
12/21/2020 04:48:22 PM - INFO: Created model: newModel2.
12/21/2020 04:48:22 PM - INFO: Added newModel2 to Hut.
12/21/2020 04:48:22 PM - INFO: Importing parameters into Hut models...
12/21/2020 04:48:22 PM - INFO: Skipped unknown parameter in config file: includeInProcessing.
12/21/2020 04:48:22 PM - INFO: Skipped unknown parameter in config file: model_alias.
12/21/2020 04:48:22 PM - INFO: Skipped unknown parameter in config file: storm_alias.
12/21/2020 04:48:22 PM - ERROR: Could not find attribute type MODEL_GDB_PATH in model newModel1.
12/21/2020 04:48:22 PM - ERROR: Arguments for operation processASC_2DDepth in model newModel1 missing.
12/21/2020 04:48:22 PM - INFO: Skipped unknown parameter in config file: processASC_2DVelocity.
12/21/2020 04:48:22 PM - ERROR: Could not find attribute type MODEL_GDB_PATH in model newModel1.
12/21/2020 04:48:22 PM - ERROR: Arguments for operation processASC_2DDirection in model newModel1 missing.
12/21/2020 04:48:22 PM - INFO: Skipped unknown parameter in config file: processASC_RiverDepth.
12/21/2020 04:48:22 PM - INFO: Skipped unknown parameter in config file: processFullDepth.
12/21/2020 04:48:22 PM - ERROR: Could not find attribute type MODEL_GDB_PATH in model newModel1.
12/21/2020 04:48:22 PM - ERROR: Could not find attribute type CLIP_FIELD in model newModel1.
12/21/2020 04:48:22 PM - ERROR: Could not find attribute type CLIP_VALUE in model newModel1.
12/21/2020 04:48:22 PM - ERROR: Arguments for operation processClipResults in model newModel1 missing.
12/21/2020 04:48:22 PM - INFO: Skipped unknown parameter in config file: processClean.
12/21/2020 04:48:22 PM - INFO: Skipped unknown parameter in config file: includeInProcessing.
12/21/2020 04:48:22 PM - INFO: Skipped unknown parameter in config file: model_alias.
12/21/2020 04:48:22 PM - INFO: Skipped unknown parameter in config file: storm_alias.
12/21/2020 04:48:22 PM - INFO: Skipped unknown parameter in config file: process2DDepth.
12/21/2020 04:48:22 PM - INFO: Skipped unknown parameter in config file: process2DVelocity.
12/21/2020 04:48:22 PM - INFO: Skipped unknown parameter in config file: process2DDirection.
12/21/2020 04:48:22 PM - INFO: Skipped unknown parameter in config file: processRiverDepth.
12/21/2020 04:48:22 PM - INFO: Skipped unknown parameter in config file: processFullDepth.
12/21/2020 04:48:22 PM - INFO: Skipped unknown parameter in config file: processClipDepth.
12/21/2020 04:48:22 PM - INFO: Skipped unknown parameter in config file: processClipVelocity.
12/21/2020 04:48:22 PM - INFO: Skipped unknown parameter in config file: processClean.
12/21/2020 04:48:22 PM - INFO: Config file loaded.
12/21/2020 04:48:22 PM - INFO: Created new Hut.
12/21/2020 04:48:22 PM - INFO: Loading config file into Hut...
12/21/2020 04:48:22 PM - INFO: Reading config file...
12/21/2020 04:48:22 PM - INFO: Applying general settings to Hut...
12/21/2020 04:48:22 PM - INFO: Adding models to Hut...
12/21/2020 04:48:22 PM - INFO: Created model: newModel1.
12/21/2020 04:48:22 PM - INFO: Added newModel1 to Hut.
12/21/2020 04:48:22 PM - INFO: Created model: newModel2.
12/21/2020 04:48:22 PM - INFO: Added newModel2 to Hut.
12/21/2020 04:48:22 PM - INFO: Importing parameters into Hut models...
12/21/2020 04:48:22 PM - INFO: Skipped unknown parameter in config file: includeInProcessing.
12/21/2020 04:48:22 PM - INFO: Skipped unknown parameter in config file: model_alias.
12/21/2020 04:48:22 PM - INFO: Skipped unknown parameter in config file: storm_alias.
12/21/2020 04:48:22 PM - ERROR: Could not find attribute type MODEL_GDB_PATH in model newModel1.
12/21/2020 04:48:22 PM - ERROR: Arguments for operation processASC_2DDepth in model newModel1 missing.
12/21/2020 04:48:22 PM - INFO: Skipped unknown parameter in config file: processASC_2DVelocity.
12/21/2020 04:48:22 PM - ERROR: Could not find attribute type MODEL_GDB_PATH in model newModel1.
12/21/2020 04:48:22 PM - ERROR: Arguments for operation processASC_2DDirection in model newModel1 missing.
12/21/2020 04:48:22 PM - INFO: Skipped unknown parameter in config file: processASC_RiverDepth.
12/21/2020 04:48:22 PM - INFO: Skipped unknown parameter in config file: processFullDepth.
12/21/2020 04:48:22 PM - ERROR: Could not find attribute type MODEL_GDB_PATH in model newModel1.
12/21/2020 04:48:22 PM - ERROR: Could not find attribute type CLIP_FIELD in model newModel1.
12/21/2020 04:48:22 PM - ERROR: Could not find attribute type CLIP_VALUE in model newModel1.
12/21/2020 04:48:22 PM - ERROR: Arguments for operation processClipResults in model newModel1 missing.
12/21/2020 04:48:22 PM - INFO: Skipped unknown parameter in config file: processClean.
12/21/2020 04:48:22 PM - INFO: Skipped unknown parameter in config file: includeInProcessing.
12/21/2020 04:48:22 PM - INFO: Skipped unknown parameter in config file: model_alias.
12/21/2020 04:48:22 PM - INFO: Skipped unknown parameter in config file: storm_alias.
12/21/2020 04:48:22 PM - INFO: Skipped unknown parameter in config file: process2DDepth.
12/21/2020 04:48:22 PM - INFO: Skipped unknown parameter in config file: process2DVelocity.
12/21/2020 04:48:22 PM - INFO: Skipped unknown parameter in config file: process2DDirection.
12/21/2020 04:48:22 PM - INFO: Skipped unknown parameter in config file: processRiverDepth.
12/21/2020 04:48:22 PM - INFO: Skipped unknown parameter in config file: processFullDepth.
12/21/2020 04:48:22 PM - INFO: Skipped unknown parameter in config file: processClipDepth.
12/21/2020 04:48:22 PM - INFO: Skipped unknown parameter in config file: processClipVelocity.
12/21/2020 04:48:22 PM - INFO: Skipped unknown parameter in config file: processClean.
12/21/2020 04:48:22 PM - INFO: Config file loaded.
12/21/2020 04:48:22 PM - INFO: Created new Hut.
12/21/2020 04:48:22 PM - INFO: Loading config file into Hut...
12/21/2020 04:48:22 PM - INFO: Reading config file...
12/21/2020 04:48:22 PM - INFO: Applying general settings to Hut...
12/21/2020 04:48:22 PM - INFO: Adding models to Hut...
12/21/2020 04:48:22 PM - INFO: Created model: newModel1.
12/21/2020 04:48:22 PM - INFO: Added newModel1 to Hut.
12/21/2020 04:48:22 PM - INFO: Created model: newModel2.
12/21/2020 04:48:22 PM - INFO: Added newModel2 to Hut.
12/21/2020 04:48:22 PM - INFO: Importing parameters into Hut models...
12/21/2020 04:48:22 PM - INFO: Skipped unknown parameter in config file: includeInProcessing.
12/21/2020 04:48:22 PM - INFO: Skipped unknown parameter in config file: model_alias.
12/21/2020 04:48:22 PM - INFO: Skipped unknown parameter in config file: storm_alias.
12/21/2020 04:48:22 PM - ERROR: Could not find attribute type MODEL_GDB_PATH in model newModel1.
12/21/2020 04:48:22 PM - ERROR: Arguments for operation processASC_2DDepth in model newModel1 missing.
12/21/2020 04:48:22 PM - INFO: Skipped unknown parameter in config file: processASC_2DVelocity.
12/21/2020 04:48:22 PM - ERROR: Could not find attribute type MODEL_GDB_PATH in model newModel1.
12/21/2020 04:48:22 PM - ERROR: Arguments for operation processASC_2DDirection in model newModel1 missing.
12/21/2020 04:48:22 PM - INFO: Skipped unknown parameter in config file: processASC_RiverDepth.
12/21/2020 04:48:22 PM - INFO: Skipped unknown parameter in config file: processFullDepth.
12/21/2020 04:48:22 PM - ERROR: Could not find attribute type MODEL_GDB_PATH in model newModel1.
12/21/2020 04:48:22 PM - ERROR: Could not find attribute type CLIP_FIELD in model newModel1.
12/21/2020 04:48:22 PM - ERROR: Could not find attribute type CLIP_VALUE in model newModel1.
12/21/2020 04:48:22 PM - ERROR: Arguments for operation processClipResults in model newModel1 missing.
12/21/2020 04:48:22 PM - INFO: Skipped unknown parameter in config file: processClean.
12/21/2020 04:48:22 PM - INFO: Skipped unknown parameter in config file: includeInProcessing.
12/21/2020 04:48:22 PM - INFO: Skipped unknown parameter in config file: model_alias.
12/21/2020 04:48:22 PM - INFO: Skipped unknown parameter in config file: storm_alias.
12/21/2020 04:48:22 PM - INFO: Skipped unknown parameter in config file: process2DDepth.
12/21/2020 04:48:22 PM - INFO: Skipped unknown parameter in config file: process2DVelocity.
12/21/2020 04:48:22 PM - INFO: Skipped unknown parameter in config file: process2DDirection.
12/21/2020 04:48:22 PM - INFO: Skipped unknown parameter in config file: processRiverDepth.
12/21/2020 04:48:22 PM - INFO: Skipped unknown parameter in config file: processFullDepth.
12/21/2020 04:48:22 PM - INFO: Skipped unknown parameter in config file: processClipDepth.
12/21/2020 04:48:22 PM - INFO: Skipped unknown parameter in config file: processClipVelocity.
12/21/2020 04:48:22 PM - INFO: Skipped unknown parameter in config file: processClean.
12/21/2020 04:48:22 PM - INFO: Config file loaded.
12/21/2020 04:48:22 PM - INFO: Running CUSTOM_OPERATION...
12/21/2020 04:48:22 PM - INFO: Running my function...
12/21/2020 04:48:22 PM - INFO: Running my function...
12/21/2020 04:48:22 PM - INFO: Created new Hut.
12/21/2020 04:48:22 PM - INFO: Created model: testmodel.
12/21/2020 04:48:22 PM - INFO: Saving Hut to new config file...
12/21/2020 04:48:22 PM - INFO: Saved configuration to config file: tests\data\test_output\testhut.ini.
